CRITICAL - 2025-08-22 05:34:25 --> CodeIgniter\View\Exceptions\ViewException: Invalid file: "login.php"
[Method: GET, Route: login]
in SYSTEMPATH\Exceptions\FrameworkException.php on line 39.
 1 SYSTEMPATH\View\View.php(214): CodeIgniter\Exceptions\FrameworkException::forInvalidFile('login.php')
 2 SYSTEMPATH\Common.php(1167): CodeIgniter\View\View->render('login', [], true)
 3 APPPATH\Controllers\Home.php(14): view('login')
 4 SYSTEMPATH\CodeIgniter.php(933): App\Controllers\Home->login()
 5 SYSTEMPATH\CodeIgniter.php(507): CodeIgniter\CodeIgniter->runController(Object(App\Controllers\Home))
 6 SYSTEMPATH\CodeIgniter.php(354): CodeIgniter\CodeIgniter->handleRequest(null, Object(Config\Cache), false)
 7 SYSTEMPATH\Boot.php(363): CodeIgniter\CodeIgniter->run()
 8 SYSTEMPATH\Boot.php(68): CodeIgniter\Boot::runCodeIgniter(Object(CodeIgniter\CodeIgniter))
 9 FCPATH\index.php(59): CodeIgniter\Boot::bootWeb(Object(Config\Paths))
10 SYSTEMPATH\rewrite.php(44): require_once('C:\\laragon\\www\\minha-ai\\public\\index.php')
ERROR - 2025-08-22 12:25:08 --> mysqli_sql_exception: Unknown table 'db_minha.minha_user' in C:\laragon\www\minha-ai\system\Database\MySQLi\Connection.php:327
Stack trace:
#0 C:\laragon\www\minha-ai\system\Database\MySQLi\Connection.php(327): mysqli->query('DROP TABLE `Min...', 0)
#1 C:\laragon\www\minha-ai\system\Database\BaseConnection.php(729): CodeIgniter\Database\MySQLi\Connection->execute('DROP TABLE `Min...')
#2 C:\laragon\www\minha-ai\system\Database\BaseConnection.php(646): CodeIgniter\Database\BaseConnection->simpleQuery('DROP TABLE `Min...')
#3 C:\laragon\www\minha-ai\system\Database\Forge.php(663): CodeIgniter\Database\BaseConnection->query('DROP TABLE `Min...')
#4 C:\laragon\www\minha-ai\app\Database\Migrations\2025-08-15-060957_UserAuth.php(42): CodeIgniter\Database\Forge->dropTable('user')
#5 C:\laragon\www\minha-ai\system\Database\MigrationRunner.php(876): App\Database\Migrations\UserAuth->down()
#6 C:\laragon\www\minha-ai\system\Database\MigrationRunner.php(289): CodeIgniter\Database\MigrationRunner->migrate('down', Object(stdClass))
#7 C:\laragon\www\minha-ai\system\Commands\Database\MigrateRollback.php(101): CodeIgniter\Database\MigrationRunner->regress(1)
#8 C:\laragon\www\minha-ai\system\CLI\Commands.php(74): CodeIgniter\Commands\Database\MigrateRollback->run(Array)
#9 C:\laragon\www\minha-ai\system\CLI\Console.php(47): CodeIgniter\CLI\Commands->run('migrate:rollbac...', Array)
#10 C:\laragon\www\minha-ai\system\Boot.php(388): CodeIgniter\CLI\Console->run()
#11 C:\laragon\www\minha-ai\system\Boot.php(133): CodeIgniter\Boot::runCommand(Object(CodeIgniter\CLI\Console))
#12 C:\laragon\www\minha-ai\spark(87): CodeIgniter\Boot::bootSpark(Object(Config\Paths))
#13 {main}
ERROR - 2025-08-22 12:26:46 --> mysqli_sql_exception: Unknown table 'db_minha.minha_user' in C:\laragon\www\minha-ai\system\Database\MySQLi\Connection.php:327
Stack trace:
#0 C:\laragon\www\minha-ai\system\Database\MySQLi\Connection.php(327): mysqli->query('DROP TABLE `Min...', 0)
#1 C:\laragon\www\minha-ai\system\Database\BaseConnection.php(729): CodeIgniter\Database\MySQLi\Connection->execute('DROP TABLE `Min...')
#2 C:\laragon\www\minha-ai\system\Database\BaseConnection.php(646): CodeIgniter\Database\BaseConnection->simpleQuery('DROP TABLE `Min...')
#3 C:\laragon\www\minha-ai\system\Database\Forge.php(663): CodeIgniter\Database\BaseConnection->query('DROP TABLE `Min...')
#4 C:\laragon\www\minha-ai\app\Database\Migrations\2025-08-15-060957_UserAuth.php(42): CodeIgniter\Database\Forge->dropTable('user')
#5 C:\laragon\www\minha-ai\system\Database\MigrationRunner.php(876): App\Database\Migrations\UserAuth->down()
#6 C:\laragon\www\minha-ai\system\Database\MigrationRunner.php(289): CodeIgniter\Database\MigrationRunner->migrate('down', Object(stdClass))
#7 C:\laragon\www\minha-ai\system\Commands\Database\MigrateRollback.php(101): CodeIgniter\Database\MigrationRunner->regress(0)
#8 C:\laragon\www\minha-ai\system\CLI\Commands.php(74): CodeIgniter\Commands\Database\MigrateRollback->run(Array)
#9 C:\laragon\www\minha-ai\system\CLI\BaseCommand.php(119): CodeIgniter\CLI\Commands->run('migrate:rollbac...', Array)
#10 C:\laragon\www\minha-ai\system\Commands\Database\MigrateRefresh.php(86): CodeIgniter\CLI\BaseCommand->call('migrate:rollbac...', Array)
#11 C:\laragon\www\minha-ai\system\CLI\Commands.php(74): CodeIgniter\Commands\Database\MigrateRefresh->run(Array)
#12 C:\laragon\www\minha-ai\system\CLI\Console.php(47): CodeIgniter\CLI\Commands->run('migrate:refresh', Array)
#13 C:\laragon\www\minha-ai\system\Boot.php(388): CodeIgniter\CLI\Console->run()
#14 C:\laragon\www\minha-ai\system\Boot.php(133): CodeIgniter\Boot::runCommand(Object(CodeIgniter\CLI\Console))
#15 C:\laragon\www\minha-ai\spark(87): CodeIgniter\Boot::bootSpark(Object(Config\Paths))
#16 {main}
ERROR - 2025-08-22 12:27:13 --> mysqli_sql_exception: Unknown table 'db_minha.minha_user' in C:\laragon\www\minha-ai\system\Database\MySQLi\Connection.php:327
Stack trace:
#0 C:\laragon\www\minha-ai\system\Database\MySQLi\Connection.php(327): mysqli->query('DROP TABLE `Min...', 0)
#1 C:\laragon\www\minha-ai\system\Database\BaseConnection.php(729): CodeIgniter\Database\MySQLi\Connection->execute('DROP TABLE `Min...')
#2 C:\laragon\www\minha-ai\system\Database\BaseConnection.php(646): CodeIgniter\Database\BaseConnection->simpleQuery('DROP TABLE `Min...')
#3 C:\laragon\www\minha-ai\system\Database\Forge.php(663): CodeIgniter\Database\BaseConnection->query('DROP TABLE `Min...')
#4 C:\laragon\www\minha-ai\app\Database\Migrations\2025-08-15-060957_UserAuth.php(42): CodeIgniter\Database\Forge->dropTable('user')
#5 C:\laragon\www\minha-ai\system\Database\MigrationRunner.php(876): App\Database\Migrations\UserAuth->down()
#6 C:\laragon\www\minha-ai\system\Database\MigrationRunner.php(289): CodeIgniter\Database\MigrationRunner->migrate('down', Object(stdClass))
#7 C:\laragon\www\minha-ai\system\Commands\Database\MigrateRollback.php(101): CodeIgniter\Database\MigrationRunner->regress(0)
#8 C:\laragon\www\minha-ai\system\CLI\Commands.php(74): CodeIgniter\Commands\Database\MigrateRollback->run(Array)
#9 C:\laragon\www\minha-ai\system\CLI\BaseCommand.php(119): CodeIgniter\CLI\Commands->run('migrate:rollbac...', Array)
#10 C:\laragon\www\minha-ai\system\Commands\Database\MigrateRefresh.php(86): CodeIgniter\CLI\BaseCommand->call('migrate:rollbac...', Array)
#11 C:\laragon\www\minha-ai\system\CLI\Commands.php(74): CodeIgniter\Commands\Database\MigrateRefresh->run(Array)
#12 C:\laragon\www\minha-ai\system\CLI\Console.php(47): CodeIgniter\CLI\Commands->run('migrate:refresh', Array)
#13 C:\laragon\www\minha-ai\system\Boot.php(388): CodeIgniter\CLI\Console->run()
#14 C:\laragon\www\minha-ai\system\Boot.php(133): CodeIgniter\Boot::runCommand(Object(CodeIgniter\CLI\Console))
#15 C:\laragon\www\minha-ai\spark(87): CodeIgniter\Boot::bootSpark(Object(Config\Paths))
#16 {main}
ERROR - 2025-08-22 12:27:45 --> mysqli_sql_exception: Unknown table 'db_minha.minha_user_auth' in C:\laragon\www\minha-ai\system\Database\MySQLi\Connection.php:327
Stack trace:
#0 C:\laragon\www\minha-ai\system\Database\MySQLi\Connection.php(327): mysqli->query('DROP TABLE `Min...', 0)
#1 C:\laragon\www\minha-ai\system\Database\BaseConnection.php(729): CodeIgniter\Database\MySQLi\Connection->execute('DROP TABLE `Min...')
#2 C:\laragon\www\minha-ai\system\Database\BaseConnection.php(646): CodeIgniter\Database\BaseConnection->simpleQuery('DROP TABLE `Min...')
#3 C:\laragon\www\minha-ai\system\Database\Forge.php(663): CodeIgniter\Database\BaseConnection->query('DROP TABLE `Min...')
#4 C:\laragon\www\minha-ai\app\Database\Migrations\2025-08-15-060957_UserAuth.php(42): CodeIgniter\Database\Forge->dropTable('user_auth')
#5 C:\laragon\www\minha-ai\system\Database\MigrationRunner.php(876): App\Database\Migrations\UserAuth->down()
#6 C:\laragon\www\minha-ai\system\Database\MigrationRunner.php(289): CodeIgniter\Database\MigrationRunner->migrate('down', Object(stdClass))
#7 C:\laragon\www\minha-ai\system\Commands\Database\MigrateRollback.php(101): CodeIgniter\Database\MigrationRunner->regress(0)
#8 C:\laragon\www\minha-ai\system\CLI\Commands.php(74): CodeIgniter\Commands\Database\MigrateRollback->run(Array)
#9 C:\laragon\www\minha-ai\system\CLI\BaseCommand.php(119): CodeIgniter\CLI\Commands->run('migrate:rollbac...', Array)
#10 C:\laragon\www\minha-ai\system\Commands\Database\MigrateRefresh.php(86): CodeIgniter\CLI\BaseCommand->call('migrate:rollbac...', Array)
#11 C:\laragon\www\minha-ai\system\CLI\Commands.php(74): CodeIgniter\Commands\Database\MigrateRefresh->run(Array)
#12 C:\laragon\www\minha-ai\system\CLI\Console.php(47): CodeIgniter\CLI\Commands->run('migrate:refresh', Array)
#13 C:\laragon\www\minha-ai\system\Boot.php(388): CodeIgniter\CLI\Console->run()
#14 C:\laragon\www\minha-ai\system\Boot.php(133): CodeIgniter\Boot::runCommand(Object(CodeIgniter\CLI\Console))
#15 C:\laragon\www\minha-ai\spark(87): CodeIgniter\Boot::bootSpark(Object(Config\Paths))
#16 {main}
ERROR - 2025-08-22 12:30:04 --> mysqli_sql_exception: Unknown table 'db_minha.minha_user_auth' in C:\laragon\www\minha-ai\system\Database\MySQLi\Connection.php:327
Stack trace:
#0 C:\laragon\www\minha-ai\system\Database\MySQLi\Connection.php(327): mysqli->query('DROP TABLE `Min...', 0)
#1 C:\laragon\www\minha-ai\system\Database\BaseConnection.php(729): CodeIgniter\Database\MySQLi\Connection->execute('DROP TABLE `Min...')
#2 C:\laragon\www\minha-ai\system\Database\BaseConnection.php(646): CodeIgniter\Database\BaseConnection->simpleQuery('DROP TABLE `Min...')
#3 C:\laragon\www\minha-ai\system\Database\Forge.php(663): CodeIgniter\Database\BaseConnection->query('DROP TABLE `Min...')
#4 C:\laragon\www\minha-ai\app\Database\Migrations\2025-08-15-060957_UserAuth.php(42): CodeIgniter\Database\Forge->dropTable('user_auth')
#5 C:\laragon\www\minha-ai\system\Database\MigrationRunner.php(876): App\Database\Migrations\UserAuth->down()
#6 C:\laragon\www\minha-ai\system\Database\MigrationRunner.php(289): CodeIgniter\Database\MigrationRunner->migrate('down', Object(stdClass))
#7 C:\laragon\www\minha-ai\system\Commands\Database\MigrateRollback.php(101): CodeIgniter\Database\MigrationRunner->regress(0)
#8 C:\laragon\www\minha-ai\system\CLI\Commands.php(74): CodeIgniter\Commands\Database\MigrateRollback->run(Array)
#9 C:\laragon\www\minha-ai\system\CLI\BaseCommand.php(119): CodeIgniter\CLI\Commands->run('migrate:rollbac...', Array)
#10 C:\laragon\www\minha-ai\system\Commands\Database\MigrateRefresh.php(86): CodeIgniter\CLI\BaseCommand->call('migrate:rollbac...', Array)
#11 C:\laragon\www\minha-ai\system\CLI\Commands.php(74): CodeIgniter\Commands\Database\MigrateRefresh->run(Array)
#12 C:\laragon\www\minha-ai\system\CLI\Console.php(47): CodeIgniter\CLI\Commands->run('migrate:refresh', Array)
#13 C:\laragon\www\minha-ai\system\Boot.php(388): CodeIgniter\CLI\Console->run()
#14 C:\laragon\www\minha-ai\system\Boot.php(133): CodeIgniter\Boot::runCommand(Object(CodeIgniter\CLI\Console))
#15 C:\laragon\www\minha-ai\spark(87): CodeIgniter\Boot::bootSpark(Object(Config\Paths))
#16 {main}
