DEBUG - 2025-10-06 06:47:45 --> Session: Class initialized using 'CodeIgniter\Session\Handlers\FileHandler' driver.
DEBUG - 2025-10-06 06:47:46 --> Session: Class initialized using 'CodeIgniter\Session\Handlers\FileHandler' driver.
INFO - 2025-10-06 06:53:39 --> CSRF token verified.
DEBUG - 2025-10-06 06:53:39 --> Session: Class initialized using 'CodeIgniter\Session\Handlers\FileHandler' driver.
DEBUG - 2025-10-06 06:53:40 --> Session: Class initialized using 'CodeIgniter\Session\Handlers\FileHandler' driver.
INFO - 2025-10-06 06:53:40 --> Mading Stats: {"mading_aktif":1,"mading_pending":0,"mading_nonaktif":4}
DEBUG - 2025-10-06 06:53:42 --> Session: Class initialized using 'CodeIgniter\Session\Handlers\FileHandler' driver.
DEBUG - 2025-10-06 06:53:43 --> Session: Class initialized using 'CodeIgniter\Session\Handlers\FileHandler' driver.
DEBUG - 2025-10-06 06:53:46 --> Session: Class initialized using 'CodeIgniter\Session\Handlers\FileHandler' driver.
DEBUG - 2025-10-06 06:53:48 --> Session: Class initialized using 'CodeIgniter\Session\Handlers\FileHandler' driver.
DEBUG - 2025-10-06 07:45:17 --> Session: Class initialized using 'CodeIgniter\Session\Handlers\FileHandler' driver.
DEBUG - 2025-10-06 07:45:19 --> Session: Class initialized using 'CodeIgniter\Session\Handlers\FileHandler' driver.
INFO - 2025-10-06 07:45:19 --> Mading Stats: {"mading_aktif":1,"mading_pending":0,"mading_nonaktif":4}
DEBUG - 2025-10-06 07:45:19 --> Session: Class initialized using 'CodeIgniter\Session\Handlers\FileHandler' driver.
INFO - 2025-10-06 07:45:19 --> Mading Stats: {"mading_aktif":1,"mading_pending":0,"mading_nonaktif":4}
DEBUG - 2025-10-06 07:45:23 --> Session: Class initialized using 'CodeIgniter\Session\Handlers\FileHandler' driver.
DEBUG - 2025-10-06 07:45:24 --> Session: Class initialized using 'CodeIgniter\Session\Handlers\FileHandler' driver.
DEBUG - 2025-10-06 07:45:26 --> Session: Class initialized using 'CodeIgniter\Session\Handlers\FileHandler' driver.
DEBUG - 2025-10-06 07:45:28 --> Session: Class initialized using 'CodeIgniter\Session\Handlers\FileHandler' driver.
DEBUG - 2025-10-06 07:45:33 --> Session: Class initialized using 'CodeIgniter\Session\Handlers\FileHandler' driver.
DEBUG - 2025-10-06 07:45:36 --> Session: Class initialized using 'CodeIgniter\Session\Handlers\FileHandler' driver.
DEBUG - 2025-10-06 07:46:14 --> Session: Class initialized using 'CodeIgniter\Session\Handlers\FileHandler' driver.
DEBUG - 2025-10-06 07:46:17 --> Session: Class initialized using 'CodeIgniter\Session\Handlers\FileHandler' driver.
DEBUG - 2025-10-06 07:46:21 --> Session: Class initialized using 'CodeIgniter\Session\Handlers\FileHandler' driver.
DEBUG - 2025-10-06 07:46:28 --> Session: Class initialized using 'CodeIgniter\Session\Handlers\FileHandler' driver.
DEBUG - 2025-10-06 07:46:37 --> Session: Class initialized using 'CodeIgniter\Session\Handlers\FileHandler' driver.
DEBUG - 2025-10-06 07:46:41 --> Session: Class initialized using 'CodeIgniter\Session\Handlers\FileHandler' driver.
DEBUG - 2025-10-06 07:46:44 --> Session: Class initialized using 'CodeIgniter\Session\Handlers\FileHandler' driver.
DEBUG - 2025-10-06 07:46:50 --> Session: Class initialized using 'CodeIgniter\Session\Handlers\FileHandler' driver.
DEBUG - 2025-10-06 07:49:26 --> Session: Class initialized using 'CodeIgniter\Session\Handlers\FileHandler' driver.
DEBUG - 2025-10-06 07:49:27 --> Session: Class initialized using 'CodeIgniter\Session\Handlers\FileHandler' driver.
DEBUG - 2025-10-06 07:49:27 --> Session: Class initialized using 'CodeIgniter\Session\Handlers\FileHandler' driver.
DEBUG - 2025-10-06 07:49:28 --> Session: Class initialized using 'CodeIgniter\Session\Handlers\FileHandler' driver.
DEBUG - 2025-10-06 07:49:30 --> Session: Class initialized using 'CodeIgniter\Session\Handlers\FileHandler' driver.
DEBUG - 2025-10-06 07:50:39 --> Session: Class initialized using 'CodeIgniter\Session\Handlers\FileHandler' driver.
INFO - 2025-10-06 07:50:39 --> Mading Stats: {"mading_aktif":1,"mading_pending":0,"mading_nonaktif":4}
DEBUG - 2025-10-06 07:50:41 --> Session: Class initialized using 'CodeIgniter\Session\Handlers\FileHandler' driver.
DEBUG - 2025-10-06 07:50:44 --> Session: Class initialized using 'CodeIgniter\Session\Handlers\FileHandler' driver.
DEBUG - 2025-10-06 07:50:49 --> Session: Class initialized using 'CodeIgniter\Session\Handlers\FileHandler' driver.
DEBUG - 2025-10-06 07:50:52 --> Session: Class initialized using 'CodeIgniter\Session\Handlers\FileHandler' driver.
DEBUG - 2025-10-06 07:50:54 --> Session: Class initialized using 'CodeIgniter\Session\Handlers\FileHandler' driver.
DEBUG - 2025-10-06 07:50:57 --> Session: Class initialized using 'CodeIgniter\Session\Handlers\FileHandler' driver.
DEBUG - 2025-10-06 07:50:59 --> Session: Class initialized using 'CodeIgniter\Session\Handlers\FileHandler' driver.
DEBUG - 2025-10-06 07:51:09 --> Session: Class initialized using 'CodeIgniter\Session\Handlers\FileHandler' driver.
DEBUG - 2025-10-06 07:51:13 --> Session: Class initialized using 'CodeIgniter\Session\Handlers\FileHandler' driver.
DEBUG - 2025-10-06 07:51:14 --> Session: Class initialized using 'CodeIgniter\Session\Handlers\FileHandler' driver.
DEBUG - 2025-10-06 07:51:15 --> Session: Class initialized using 'CodeIgniter\Session\Handlers\FileHandler' driver.
DEBUG - 2025-10-06 07:51:15 --> MasterData::users called - Method: GET, AJAX: No
DEBUG - 2025-10-06 07:51:15 --> Pagination params - Page: 1, Search: , Status: , Jurusan: 
DEBUG - 2025-10-06 07:51:15 --> Total users count: 5, Total pages: 1
WARNING - 2025-10-06 07:51:15 --> [DEPRECATED] strtotime(): Passing null to parameter #1 ($datetime) of type string is deprecated in APPPATH\Views\admin\partials\users_tbody.php on line 68.
 1 APPPATH\Views\admin\partials\users_tbody.php(68): strtotime(null)
 2 SYSTEMPATH\View\View.php(226): include('C:\\laragon\\www\\minha-ai\\app\\Views\\admin\\partials\\users_tbody.php')
 3 SYSTEMPATH\View\View.php(229): CodeIgniter\View\View->CodeIgniter\View\{closure}()
 4 SYSTEMPATH\Common.php(1167): CodeIgniter\View\View->render('admin/partials/users_tbody', [], true)
 5 APPPATH\Views\admin\partials\users_table.php(40): view('admin/partials/users_tbody', [...])
 6 SYSTEMPATH\View\View.php(226): include('C:\\laragon\\www\\minha-ai\\app\\Views\\admin\\partials\\users_table.php')
 7 SYSTEMPATH\View\View.php(229): CodeIgniter\View\View->CodeIgniter\View\{closure}()
 8 SYSTEMPATH\Common.php(1167): CodeIgniter\View\View->render('admin/partials/users_table', [], true)
 9 APPPATH\Views\admin\master_data_users.php(21): view('admin/partials/users_table', [...])
10 SYSTEMPATH\View\View.php(226): include('C:\\laragon\\www\\minha-ai\\app\\Views\\admin\\master_data_users.php')
11 SYSTEMPATH\View\View.php(229): CodeIgniter\View\View->CodeIgniter\View\{closure}()
12 SYSTEMPATH\Common.php(1167): CodeIgniter\View\View->render('admin/master_data_users', [], true)
13 APPPATH\Controllers\Admin\MasterData.php(207): view('admin/master_data_users', [...])
14 SYSTEMPATH\CodeIgniter.php(933): App\Controllers\Admin\MasterData->users()
15 SYSTEMPATH\CodeIgniter.php(507): CodeIgniter\CodeIgniter->runController(Object(App\Controllers\Admin\MasterData))
16 SYSTEMPATH\CodeIgniter.php(354): CodeIgniter\CodeIgniter->handleRequest(null, Object(Config\Cache), false)
17 SYSTEMPATH\Boot.php(363): CodeIgniter\CodeIgniter->run()
18 SYSTEMPATH\Boot.php(68): CodeIgniter\Boot::runCodeIgniter(Object(CodeIgniter\CodeIgniter))
19 FCPATH\index.php(59): CodeIgniter\Boot::bootWeb(Object(Config\Paths))
WARNING - 2025-10-06 07:51:15 --> [DEPRECATED] strtotime(): Passing null to parameter #1 ($datetime) of type string is deprecated in APPPATH\Views\admin\partials\users_tbody.php on line 68.
 1 APPPATH\Views\admin\partials\users_tbody.php(68): strtotime(null)
 2 SYSTEMPATH\View\View.php(226): include('C:\\laragon\\www\\minha-ai\\app\\Views\\admin\\partials\\users_tbody.php')
 3 SYSTEMPATH\View\View.php(229): CodeIgniter\View\View->CodeIgniter\View\{closure}()
 4 SYSTEMPATH\Common.php(1167): CodeIgniter\View\View->render('admin/partials/users_tbody', [], true)
 5 APPPATH\Views\admin\partials\users_table.php(40): view('admin/partials/users_tbody', [...])
 6 SYSTEMPATH\View\View.php(226): include('C:\\laragon\\www\\minha-ai\\app\\Views\\admin\\partials\\users_table.php')
 7 SYSTEMPATH\View\View.php(229): CodeIgniter\View\View->CodeIgniter\View\{closure}()
 8 SYSTEMPATH\Common.php(1167): CodeIgniter\View\View->render('admin/partials/users_table', [], true)
 9 APPPATH\Views\admin\master_data_users.php(21): view('admin/partials/users_table', [...])
10 SYSTEMPATH\View\View.php(226): include('C:\\laragon\\www\\minha-ai\\app\\Views\\admin\\master_data_users.php')
11 SYSTEMPATH\View\View.php(229): CodeIgniter\View\View->CodeIgniter\View\{closure}()
12 SYSTEMPATH\Common.php(1167): CodeIgniter\View\View->render('admin/master_data_users', [], true)
13 APPPATH\Controllers\Admin\MasterData.php(207): view('admin/master_data_users', [...])
14 SYSTEMPATH\CodeIgniter.php(933): App\Controllers\Admin\MasterData->users()
15 SYSTEMPATH\CodeIgniter.php(507): CodeIgniter\CodeIgniter->runController(Object(App\Controllers\Admin\MasterData))
16 SYSTEMPATH\CodeIgniter.php(354): CodeIgniter\CodeIgniter->handleRequest(null, Object(Config\Cache), false)
17 SYSTEMPATH\Boot.php(363): CodeIgniter\CodeIgniter->run()
18 SYSTEMPATH\Boot.php(68): CodeIgniter\Boot::runCodeIgniter(Object(CodeIgniter\CodeIgniter))
19 FCPATH\index.php(59): CodeIgniter\Boot::bootWeb(Object(Config\Paths))
WARNING - 2025-10-06 07:51:15 --> [DEPRECATED] strtotime(): Passing null to parameter #1 ($datetime) of type string is deprecated in APPPATH\Views\admin\partials\users_tbody.php on line 68.
 1 APPPATH\Views\admin\partials\users_tbody.php(68): strtotime(null)
 2 SYSTEMPATH\View\View.php(226): include('C:\\laragon\\www\\minha-ai\\app\\Views\\admin\\partials\\users_tbody.php')
 3 SYSTEMPATH\View\View.php(229): CodeIgniter\View\View->CodeIgniter\View\{closure}()
 4 SYSTEMPATH\Common.php(1167): CodeIgniter\View\View->render('admin/partials/users_tbody', [], true)
 5 APPPATH\Views\admin\partials\users_table.php(40): view('admin/partials/users_tbody', [...])
 6 SYSTEMPATH\View\View.php(226): include('C:\\laragon\\www\\minha-ai\\app\\Views\\admin\\partials\\users_table.php')
 7 SYSTEMPATH\View\View.php(229): CodeIgniter\View\View->CodeIgniter\View\{closure}()
 8 SYSTEMPATH\Common.php(1167): CodeIgniter\View\View->render('admin/partials/users_table', [], true)
 9 APPPATH\Views\admin\master_data_users.php(21): view('admin/partials/users_table', [...])
10 SYSTEMPATH\View\View.php(226): include('C:\\laragon\\www\\minha-ai\\app\\Views\\admin\\master_data_users.php')
11 SYSTEMPATH\View\View.php(229): CodeIgniter\View\View->CodeIgniter\View\{closure}()
12 SYSTEMPATH\Common.php(1167): CodeIgniter\View\View->render('admin/master_data_users', [], true)
13 APPPATH\Controllers\Admin\MasterData.php(207): view('admin/master_data_users', [...])
14 SYSTEMPATH\CodeIgniter.php(933): App\Controllers\Admin\MasterData->users()
15 SYSTEMPATH\CodeIgniter.php(507): CodeIgniter\CodeIgniter->runController(Object(App\Controllers\Admin\MasterData))
16 SYSTEMPATH\CodeIgniter.php(354): CodeIgniter\CodeIgniter->handleRequest(null, Object(Config\Cache), false)
17 SYSTEMPATH\Boot.php(363): CodeIgniter\CodeIgniter->run()
18 SYSTEMPATH\Boot.php(68): CodeIgniter\Boot::runCodeIgniter(Object(CodeIgniter\CodeIgniter))
19 FCPATH\index.php(59): CodeIgniter\Boot::bootWeb(Object(Config\Paths))
DEBUG - 2025-10-06 07:51:16 --> Session: Class initialized using 'CodeIgniter\Session\Handlers\FileHandler' driver.
DEBUG - 2025-10-06 07:51:16 --> MasterData::users called - Method: GET, AJAX: Yes
DEBUG - 2025-10-06 07:51:16 --> Pagination params - Page: 1, Search: s, Status: , Jurusan: 
DEBUG - 2025-10-06 07:51:16 --> Total users count: 3, Total pages: 1
DEBUG - 2025-10-06 07:51:16 --> Returning AJAX JSON response for pagination
WARNING - 2025-10-06 07:51:16 --> [DEPRECATED] strtotime(): Passing null to parameter #1 ($datetime) of type string is deprecated in APPPATH\Views\admin\partials\users_tbody.php on line 68.
 1 APPPATH\Views\admin\partials\users_tbody.php(68): strtotime(null)
 2 SYSTEMPATH\View\View.php(226): include('C:\\laragon\\www\\minha-ai\\app\\Views\\admin\\partials\\users_tbody.php')
 3 SYSTEMPATH\View\View.php(229): CodeIgniter\View\View->CodeIgniter\View\{closure}()
 4 SYSTEMPATH\Common.php(1167): CodeIgniter\View\View->render('admin/partials/users_tbody', [], true)
 5 APPPATH\Controllers\Admin\MasterData.php(188): view('admin/partials/users_tbody', [...])
 6 SYSTEMPATH\CodeIgniter.php(933): App\Controllers\Admin\MasterData->users()
 7 SYSTEMPATH\CodeIgniter.php(507): CodeIgniter\CodeIgniter->runController(Object(App\Controllers\Admin\MasterData))
 8 SYSTEMPATH\CodeIgniter.php(354): CodeIgniter\CodeIgniter->handleRequest(null, Object(Config\Cache), false)
 9 SYSTEMPATH\Boot.php(363): CodeIgniter\CodeIgniter->run()
10 SYSTEMPATH\Boot.php(68): CodeIgniter\Boot::runCodeIgniter(Object(CodeIgniter\CodeIgniter))
11 FCPATH\index.php(59): CodeIgniter\Boot::bootWeb(Object(Config\Paths))
WARNING - 2025-10-06 07:51:16 --> [DEPRECATED] strtotime(): Passing null to parameter #1 ($datetime) of type string is deprecated in APPPATH\Views\admin\partials\users_tbody.php on line 68.
 1 APPPATH\Views\admin\partials\users_tbody.php(68): strtotime(null)
 2 SYSTEMPATH\View\View.php(226): include('C:\\laragon\\www\\minha-ai\\app\\Views\\admin\\partials\\users_tbody.php')
 3 SYSTEMPATH\View\View.php(229): CodeIgniter\View\View->CodeIgniter\View\{closure}()
 4 SYSTEMPATH\Common.php(1167): CodeIgniter\View\View->render('admin/partials/users_tbody', [], true)
 5 APPPATH\Controllers\Admin\MasterData.php(188): view('admin/partials/users_tbody', [...])
 6 SYSTEMPATH\CodeIgniter.php(933): App\Controllers\Admin\MasterData->users()
 7 SYSTEMPATH\CodeIgniter.php(507): CodeIgniter\CodeIgniter->runController(Object(App\Controllers\Admin\MasterData))
 8 SYSTEMPATH\CodeIgniter.php(354): CodeIgniter\CodeIgniter->handleRequest(null, Object(Config\Cache), false)
 9 SYSTEMPATH\Boot.php(363): CodeIgniter\CodeIgniter->run()
10 SYSTEMPATH\Boot.php(68): CodeIgniter\Boot::runCodeIgniter(Object(CodeIgniter\CodeIgniter))
11 FCPATH\index.php(59): CodeIgniter\Boot::bootWeb(Object(Config\Paths))
DEBUG - 2025-10-06 07:51:16 --> AJAX Response: {"success":true,"html":"      <tr class=\"hover:bg-gray-50\">\n\n      <td class=\"px-6 py-4 whitespace-nowrap\">\n        <div class=\"flex items-center\">\n          <div class=\"w-10 h-10 rounded-full mr-3 flex items-center justify-center overflow-hidden\">\n            \n                          <span class=\"w-full h-full bg-blue-100 text-blue-600 font-semibold flex items-center justify-center text-sm\">\n                A              <\/span>\n                      <\/div>\n          <div>\n            <div class=\"text-sm font-medium text-gray-900\">alesxy<\/div>\n            <div class=\"text-sm text-gray-500\">ID: 5<\/div>\n          <\/div>\n        <\/div>\n      <\/td>\n      <td class=\"px-6 py-4 whitespace-nowrap text-sm text-gray-900\">202029393939<\/td>\n      <td class=\"px-6 py-4 whitespace-nowrap\">\n        <span class=\"px-2 py-1 text-xs font-semibold rounded-full bg-blue-100 text-blue-800\">\n          Teknik Informatika        <\/span>\n      <\/td>\n      <td class=\"px-6 py-4 whitespace-nowrap\">\n                <span class=\"px-2 py-1 text-xs font-semibold rounded-full bg-green-100 text-green-800\">\n          Aktif        <\/span>\n      <\/td>\n      <td class=\"px-6 py-4 whitespace-nowrap text-sm text-gray-500\">\n        Oct 05, 2025      <\/td>\n      <td class=\"px-6 py-4 whitespace-nowrap text-sm font-medium\">\n        <div class=\"flex gap-2\">\n          <button onclick=\"updateUserStatus(5, 'nonaktif')\"\n            class=\"text-blue-600 hover:text-blue-900\"\n            title=\"Deactivate\">\n            <i class=\"ri-user-forbid-line\"><\/i>\n          <\/button>\n          <button class=\"text-green-600 hover:text-green-900\" title=\"Edit\"\n            data-action=\"edit-user\"\n            data-user-id=\"5\"\n            data-namalengkap=\"alesxy\"\n            data-npm=\"202029393939\"\n            data-jurusan=\"teknik informatika\"\n            data-status=\"aktif\">\n            <i class=\"ri-edit-2-line\"><\/i>\n          <\/button>\n          <button onclick=\"deleteUser(5)\" class=\"text-red-600 hover:text-red-900\" title=\"Delete\">\n            <i class=\"ri-delete-bin-line\"><\/i>\n          <\/button>\n        <\/div>\n      <\/td>\n    <\/tr>\n      <tr class=\"hover:bg-gray-50\">\n\n      <td class=\"px-6 py-4 whitespace-nowrap\">\n        <div class=\"flex items-center\">\n          <div class=\"w-10 h-10 rounded-full mr-3 flex items-center justify-center overflow-hidden\">\n            \n                          <span class=\"w-full h-full bg-blue-100 text-blue-600 font-semibold flex items-center justify-center text-sm\">\n                SA              <\/span>\n                      <\/div>\n          <div>\n            <div class=\"text-sm font-medium text-gray-900\">Salman Asmandi<\/div>\n            <div class=\"text-sm text-gray-500\">ID: 1<\/div>\n          <\/div>\n        <\/div>\n      <\/td>\n      <td class=\"px-6 py-4 whitespace-nowrap text-sm text-gray-900\">2021020109<\/td>\n      <td class=\"px-6 py-4 whitespace-nowrap\">\n        <span class=\"px-2 py-1 text-xs font-semibold rounded-full bg-blue-100 text-blue-800\">\n          Teknik Informatika        <\/span>\n      <\/td>\n      <td class=\"px-6 py-4 whitespace-nowrap\">\n                <span class=\"px-2 py-1 text-xs font-semibold rounded-full bg-green-100 text-green-800\">\n          Aktif        <\/span>\n      <\/td>\n      <td class=\"px-6 py-4 whitespace-nowrap text-sm text-gray-500\">\n        Jan 01, 1970      <\/td>\n      <td class=\"px-6 py-4 whitespace-nowrap text-sm font-medium\">\n        <div class=\"flex gap-2\">\n          <button onclick=\"updateUserStatus(1, 'nonaktif')\"\n            class=\"text-blue-600 hover:text-blue-900\"\n            title=\"Deactivate\">\n            <i class=\"ri-user-forbid-line\"><\/i>\n          <\/button>\n          <button class=\"text-green-600 hover:text-green-900\" title=\"Edit\"\n            data-action=\"edit-user\"\n            data-user-id=\"1\"\n            data-namalengkap=\"Salman Asmandi\"\n            data-npm=\"2021020109\"\n            data-jurusan=\"teknik informatika\"\n            data-status=\"aktif\">\n            <i class=\"ri-edit-2-line\"><\/i>\n          <\/button>\n          <button onclick=\"deleteUser(1)\" class=\"text-red-600 hover:text-red-900\" title=\"Delete\">\n            <i class=\"ri-delete-bin-line\"><\/i>\n          <\/button>\n        <\/div>\n      <\/td>\n    <\/tr>\n      <tr class=\"hover:bg-gray-50\">\n\n      <td class=\"px-6 py-4 whitespace-nowrap\">\n        <div class=\"flex items-center\">\n          <div class=\"w-10 h-10 rounded-full mr-3 flex items-center justify-center overflow-hidden\">\n            \n                          <span class=\"w-full h-full bg-blue-100 text-blue-600 font-semibold flex items-center justify-center text-sm\">\n                AS              <\/span>\n                      <\/div>\n          <div>\n            <div class=\"text-sm font-medium text-gray-900\">Ahmad Sawal<\/div>\n            <div class=\"text-sm text-gray-500\">ID: 3<\/div>\n          <\/div>\n        <\/div>\n      <\/td>\n      <td class=\"px-6 py-4 whitespace-nowrap text-sm text-gray-900\">2021020110<\/td>\n      <td class=\"px-6 py-4 whitespace-nowrap\">\n        <span class=\"px-2 py-1 text-xs font-semibold rounded-full bg-blue-100 text-blue-800\">\n          Teknik Informatika        <\/span>\n      <\/td>\n      <td class=\"px-6 py-4 whitespace-nowrap\">\n                <span class=\"px-2 py-1 text-xs font-semibold rounded-full bg-green-100 text-green-800\">\n          Aktif        <\/span>\n      <\/td>\n      <td class=\"px-6 py-4 whitespace-nowrap text-sm text-gray-500\">\n        Jan 01, 1970      <\/td>\n      <td class=\"px-6 py-4 whitespace-nowrap text-sm font-medium\">\n        <div class=\"flex gap-2\">\n          <button onclick=\"updateUserStatus(3, 'nonaktif')\"\n            class=\"text-blue-600 hover:text-blue-900\"\n            title=\"Deactivate\">\n            <i class=\"ri-user-forbid-line\"><\/i>\n          <\/button>\n          <button class=\"text-green-600 hover:text-green-900\" title=\"Edit\"\n            data-action=\"edit-user\"\n            data-user-id=\"3\"\n            data-namalengkap=\"Ahmad Sawal\"\n            data-npm=\"2021020110\"\n            data-jurusan=\"teknik informatika\"\n            data-status=\"aktif\">\n            <i class=\"ri-edit-2-line\"><\/i>\n          <\/button>\n          <button onclick=\"deleteUser(3)\" class=\"text-red-600 hover:text-red-900\" title=\"Delete\">\n            <i class=\"ri-delete-bin-line\"><\/i>\n          <\/button>\n        <\/div>\n      <\/td>\n    <\/tr>\n  ","pagination":"","stats":{"total":5,"active":4,"pending":0,"nonaktif":1}}
DEBUG - 2025-10-06 07:51:17 --> Session: Class initialized using 'CodeIgniter\Session\Handlers\FileHandler' driver.
DEBUG - 2025-10-06 07:51:17 --> MasterData::users called - Method: GET, AJAX: Yes
DEBUG - 2025-10-06 07:51:17 --> Pagination params - Page: 1, Search: sa, Status: , Jurusan: 
DEBUG - 2025-10-06 07:51:17 --> Total users count: 2, Total pages: 1
DEBUG - 2025-10-06 07:51:17 --> Returning AJAX JSON response for pagination
WARNING - 2025-10-06 07:51:17 --> [DEPRECATED] strtotime(): Passing null to parameter #1 ($datetime) of type string is deprecated in APPPATH\Views\admin\partials\users_tbody.php on line 68.
 1 APPPATH\Views\admin\partials\users_tbody.php(68): strtotime(null)
 2 SYSTEMPATH\View\View.php(226): include('C:\\laragon\\www\\minha-ai\\app\\Views\\admin\\partials\\users_tbody.php')
 3 SYSTEMPATH\View\View.php(229): CodeIgniter\View\View->CodeIgniter\View\{closure}()
 4 SYSTEMPATH\Common.php(1167): CodeIgniter\View\View->render('admin/partials/users_tbody', [], true)
 5 APPPATH\Controllers\Admin\MasterData.php(188): view('admin/partials/users_tbody', [...])
 6 SYSTEMPATH\CodeIgniter.php(933): App\Controllers\Admin\MasterData->users()
 7 SYSTEMPATH\CodeIgniter.php(507): CodeIgniter\CodeIgniter->runController(Object(App\Controllers\Admin\MasterData))
 8 SYSTEMPATH\CodeIgniter.php(354): CodeIgniter\CodeIgniter->handleRequest(null, Object(Config\Cache), false)
 9 SYSTEMPATH\Boot.php(363): CodeIgniter\CodeIgniter->run()
10 SYSTEMPATH\Boot.php(68): CodeIgniter\Boot::runCodeIgniter(Object(CodeIgniter\CodeIgniter))
11 FCPATH\index.php(59): CodeIgniter\Boot::bootWeb(Object(Config\Paths))
WARNING - 2025-10-06 07:51:17 --> [DEPRECATED] strtotime(): Passing null to parameter #1 ($datetime) of type string is deprecated in APPPATH\Views\admin\partials\users_tbody.php on line 68.
 1 APPPATH\Views\admin\partials\users_tbody.php(68): strtotime(null)
 2 SYSTEMPATH\View\View.php(226): include('C:\\laragon\\www\\minha-ai\\app\\Views\\admin\\partials\\users_tbody.php')
 3 SYSTEMPATH\View\View.php(229): CodeIgniter\View\View->CodeIgniter\View\{closure}()
 4 SYSTEMPATH\Common.php(1167): CodeIgniter\View\View->render('admin/partials/users_tbody', [], true)
 5 APPPATH\Controllers\Admin\MasterData.php(188): view('admin/partials/users_tbody', [...])
 6 SYSTEMPATH\CodeIgniter.php(933): App\Controllers\Admin\MasterData->users()
 7 SYSTEMPATH\CodeIgniter.php(507): CodeIgniter\CodeIgniter->runController(Object(App\Controllers\Admin\MasterData))
 8 SYSTEMPATH\CodeIgniter.php(354): CodeIgniter\CodeIgniter->handleRequest(null, Object(Config\Cache), false)
 9 SYSTEMPATH\Boot.php(363): CodeIgniter\CodeIgniter->run()
10 SYSTEMPATH\Boot.php(68): CodeIgniter\Boot::runCodeIgniter(Object(CodeIgniter\CodeIgniter))
11 FCPATH\index.php(59): CodeIgniter\Boot::bootWeb(Object(Config\Paths))
DEBUG - 2025-10-06 07:51:17 --> AJAX Response: {"success":true,"html":"      <tr class=\"hover:bg-gray-50\">\n\n      <td class=\"px-6 py-4 whitespace-nowrap\">\n        <div class=\"flex items-center\">\n          <div class=\"w-10 h-10 rounded-full mr-3 flex items-center justify-center overflow-hidden\">\n            \n                          <span class=\"w-full h-full bg-blue-100 text-blue-600 font-semibold flex items-center justify-center text-sm\">\n                SA              <\/span>\n                      <\/div>\n          <div>\n            <div class=\"text-sm font-medium text-gray-900\">Salman Asmandi<\/div>\n            <div class=\"text-sm text-gray-500\">ID: 1<\/div>\n          <\/div>\n        <\/div>\n      <\/td>\n      <td class=\"px-6 py-4 whitespace-nowrap text-sm text-gray-900\">2021020109<\/td>\n      <td class=\"px-6 py-4 whitespace-nowrap\">\n        <span class=\"px-2 py-1 text-xs font-semibold rounded-full bg-blue-100 text-blue-800\">\n          Teknik Informatika        <\/span>\n      <\/td>\n      <td class=\"px-6 py-4 whitespace-nowrap\">\n                <span class=\"px-2 py-1 text-xs font-semibold rounded-full bg-green-100 text-green-800\">\n          Aktif        <\/span>\n      <\/td>\n      <td class=\"px-6 py-4 whitespace-nowrap text-sm text-gray-500\">\n        Jan 01, 1970      <\/td>\n      <td class=\"px-6 py-4 whitespace-nowrap text-sm font-medium\">\n        <div class=\"flex gap-2\">\n          <button onclick=\"updateUserStatus(1, 'nonaktif')\"\n            class=\"text-blue-600 hover:text-blue-900\"\n            title=\"Deactivate\">\n            <i class=\"ri-user-forbid-line\"><\/i>\n          <\/button>\n          <button class=\"text-green-600 hover:text-green-900\" title=\"Edit\"\n            data-action=\"edit-user\"\n            data-user-id=\"1\"\n            data-namalengkap=\"Salman Asmandi\"\n            data-npm=\"2021020109\"\n            data-jurusan=\"teknik informatika\"\n            data-status=\"aktif\">\n            <i class=\"ri-edit-2-line\"><\/i>\n          <\/button>\n          <button onclick=\"deleteUser(1)\" class=\"text-red-600 hover:text-red-900\" title=\"Delete\">\n            <i class=\"ri-delete-bin-line\"><\/i>\n          <\/button>\n        <\/div>\n      <\/td>\n    <\/tr>\n      <tr class=\"hover:bg-gray-50\">\n\n      <td class=\"px-6 py-4 whitespace-nowrap\">\n        <div class=\"flex items-center\">\n          <div class=\"w-10 h-10 rounded-full mr-3 flex items-center justify-center overflow-hidden\">\n            \n                          <span class=\"w-full h-full bg-blue-100 text-blue-600 font-semibold flex items-center justify-center text-sm\">\n                AS              <\/span>\n                      <\/div>\n          <div>\n            <div class=\"text-sm font-medium text-gray-900\">Ahmad Sawal<\/div>\n            <div class=\"text-sm text-gray-500\">ID: 3<\/div>\n          <\/div>\n        <\/div>\n      <\/td>\n      <td class=\"px-6 py-4 whitespace-nowrap text-sm text-gray-900\">2021020110<\/td>\n      <td class=\"px-6 py-4 whitespace-nowrap\">\n        <span class=\"px-2 py-1 text-xs font-semibold rounded-full bg-blue-100 text-blue-800\">\n          Teknik Informatika        <\/span>\n      <\/td>\n      <td class=\"px-6 py-4 whitespace-nowrap\">\n                <span class=\"px-2 py-1 text-xs font-semibold rounded-full bg-green-100 text-green-800\">\n          Aktif        <\/span>\n      <\/td>\n      <td class=\"px-6 py-4 whitespace-nowrap text-sm text-gray-500\">\n        Jan 01, 1970      <\/td>\n      <td class=\"px-6 py-4 whitespace-nowrap text-sm font-medium\">\n        <div class=\"flex gap-2\">\n          <button onclick=\"updateUserStatus(3, 'nonaktif')\"\n            class=\"text-blue-600 hover:text-blue-900\"\n            title=\"Deactivate\">\n            <i class=\"ri-user-forbid-line\"><\/i>\n          <\/button>\n          <button class=\"text-green-600 hover:text-green-900\" title=\"Edit\"\n            data-action=\"edit-user\"\n            data-user-id=\"3\"\n            data-namalengkap=\"Ahmad Sawal\"\n            data-npm=\"2021020110\"\n            data-jurusan=\"teknik informatika\"\n            data-status=\"aktif\">\n            <i class=\"ri-edit-2-line\"><\/i>\n          <\/button>\n          <button onclick=\"deleteUser(3)\" class=\"text-red-600 hover:text-red-900\" title=\"Delete\">\n            <i class=\"ri-delete-bin-line\"><\/i>\n          <\/button>\n        <\/div>\n      <\/td>\n    <\/tr>\n  ","pagination":"","stats":{"total":5,"active":4,"pending":0,"nonaktif":1}}
DEBUG - 2025-10-06 07:51:17 --> Session: Class initialized using 'CodeIgniter\Session\Handlers\FileHandler' driver.
DEBUG - 2025-10-06 07:51:17 --> MasterData::users called - Method: GET, AJAX: Yes
DEBUG - 2025-10-06 07:51:17 --> Pagination params - Page: 1, Search: sal, Status: , Jurusan: 
DEBUG - 2025-10-06 07:51:17 --> Total users count: 1, Total pages: 1
DEBUG - 2025-10-06 07:51:17 --> Returning AJAX JSON response for pagination
WARNING - 2025-10-06 07:51:17 --> [DEPRECATED] strtotime(): Passing null to parameter #1 ($datetime) of type string is deprecated in APPPATH\Views\admin\partials\users_tbody.php on line 68.
 1 APPPATH\Views\admin\partials\users_tbody.php(68): strtotime(null)
 2 SYSTEMPATH\View\View.php(226): include('C:\\laragon\\www\\minha-ai\\app\\Views\\admin\\partials\\users_tbody.php')
 3 SYSTEMPATH\View\View.php(229): CodeIgniter\View\View->CodeIgniter\View\{closure}()
 4 SYSTEMPATH\Common.php(1167): CodeIgniter\View\View->render('admin/partials/users_tbody', [], true)
 5 APPPATH\Controllers\Admin\MasterData.php(188): view('admin/partials/users_tbody', [...])
 6 SYSTEMPATH\CodeIgniter.php(933): App\Controllers\Admin\MasterData->users()
 7 SYSTEMPATH\CodeIgniter.php(507): CodeIgniter\CodeIgniter->runController(Object(App\Controllers\Admin\MasterData))
 8 SYSTEMPATH\CodeIgniter.php(354): CodeIgniter\CodeIgniter->handleRequest(null, Object(Config\Cache), false)
 9 SYSTEMPATH\Boot.php(363): CodeIgniter\CodeIgniter->run()
10 SYSTEMPATH\Boot.php(68): CodeIgniter\Boot::runCodeIgniter(Object(CodeIgniter\CodeIgniter))
11 FCPATH\index.php(59): CodeIgniter\Boot::bootWeb(Object(Config\Paths))
DEBUG - 2025-10-06 07:51:17 --> AJAX Response: {"success":true,"html":"      <tr class=\"hover:bg-gray-50\">\n\n      <td class=\"px-6 py-4 whitespace-nowrap\">\n        <div class=\"flex items-center\">\n          <div class=\"w-10 h-10 rounded-full mr-3 flex items-center justify-center overflow-hidden\">\n            \n                          <span class=\"w-full h-full bg-blue-100 text-blue-600 font-semibold flex items-center justify-center text-sm\">\n                SA              <\/span>\n                      <\/div>\n          <div>\n            <div class=\"text-sm font-medium text-gray-900\">Salman Asmandi<\/div>\n            <div class=\"text-sm text-gray-500\">ID: 1<\/div>\n          <\/div>\n        <\/div>\n      <\/td>\n      <td class=\"px-6 py-4 whitespace-nowrap text-sm text-gray-900\">2021020109<\/td>\n      <td class=\"px-6 py-4 whitespace-nowrap\">\n        <span class=\"px-2 py-1 text-xs font-semibold rounded-full bg-blue-100 text-blue-800\">\n          Teknik Informatika        <\/span>\n      <\/td>\n      <td class=\"px-6 py-4 whitespace-nowrap\">\n                <span class=\"px-2 py-1 text-xs font-semibold rounded-full bg-green-100 text-green-800\">\n          Aktif        <\/span>\n      <\/td>\n      <td class=\"px-6 py-4 whitespace-nowrap text-sm text-gray-500\">\n        Jan 01, 1970      <\/td>\n      <td class=\"px-6 py-4 whitespace-nowrap text-sm font-medium\">\n        <div class=\"flex gap-2\">\n          <button onclick=\"updateUserStatus(1, 'nonaktif')\"\n            class=\"text-blue-600 hover:text-blue-900\"\n            title=\"Deactivate\">\n            <i class=\"ri-user-forbid-line\"><\/i>\n          <\/button>\n          <button class=\"text-green-600 hover:text-green-900\" title=\"Edit\"\n            data-action=\"edit-user\"\n            data-user-id=\"1\"\n            data-namalengkap=\"Salman Asmandi\"\n            data-npm=\"2021020109\"\n            data-jurusan=\"teknik informatika\"\n            data-status=\"aktif\">\n            <i class=\"ri-edit-2-line\"><\/i>\n          <\/button>\n          <button onclick=\"deleteUser(1)\" class=\"text-red-600 hover:text-red-900\" title=\"Delete\">\n            <i class=\"ri-delete-bin-line\"><\/i>\n          <\/button>\n        <\/div>\n      <\/td>\n    <\/tr>\n  ","pagination":"","stats":{"total":5,"active":4,"pending":0,"nonaktif":1}}
DEBUG - 2025-10-06 07:51:17 --> Session: Class initialized using 'CodeIgniter\Session\Handlers\FileHandler' driver.
DEBUG - 2025-10-06 07:51:17 --> MasterData::users called - Method: GET, AJAX: Yes
DEBUG - 2025-10-06 07:51:17 --> Pagination params - Page: 1, Search: salm, Status: , Jurusan: 
DEBUG - 2025-10-06 07:51:17 --> Total users count: 1, Total pages: 1
DEBUG - 2025-10-06 07:51:17 --> Returning AJAX JSON response for pagination
WARNING - 2025-10-06 07:51:17 --> [DEPRECATED] strtotime(): Passing null to parameter #1 ($datetime) of type string is deprecated in APPPATH\Views\admin\partials\users_tbody.php on line 68.
 1 APPPATH\Views\admin\partials\users_tbody.php(68): strtotime(null)
 2 SYSTEMPATH\View\View.php(226): include('C:\\laragon\\www\\minha-ai\\app\\Views\\admin\\partials\\users_tbody.php')
 3 SYSTEMPATH\View\View.php(229): CodeIgniter\View\View->CodeIgniter\View\{closure}()
 4 SYSTEMPATH\Common.php(1167): CodeIgniter\View\View->render('admin/partials/users_tbody', [], true)
 5 APPPATH\Controllers\Admin\MasterData.php(188): view('admin/partials/users_tbody', [...])
 6 SYSTEMPATH\CodeIgniter.php(933): App\Controllers\Admin\MasterData->users()
 7 SYSTEMPATH\CodeIgniter.php(507): CodeIgniter\CodeIgniter->runController(Object(App\Controllers\Admin\MasterData))
 8 SYSTEMPATH\CodeIgniter.php(354): CodeIgniter\CodeIgniter->handleRequest(null, Object(Config\Cache), false)
 9 SYSTEMPATH\Boot.php(363): CodeIgniter\CodeIgniter->run()
10 SYSTEMPATH\Boot.php(68): CodeIgniter\Boot::runCodeIgniter(Object(CodeIgniter\CodeIgniter))
11 FCPATH\index.php(59): CodeIgniter\Boot::bootWeb(Object(Config\Paths))
DEBUG - 2025-10-06 07:51:17 --> AJAX Response: {"success":true,"html":"      <tr class=\"hover:bg-gray-50\">\n\n      <td class=\"px-6 py-4 whitespace-nowrap\">\n        <div class=\"flex items-center\">\n          <div class=\"w-10 h-10 rounded-full mr-3 flex items-center justify-center overflow-hidden\">\n            \n                          <span class=\"w-full h-full bg-blue-100 text-blue-600 font-semibold flex items-center justify-center text-sm\">\n                SA              <\/span>\n                      <\/div>\n          <div>\n            <div class=\"text-sm font-medium text-gray-900\">Salman Asmandi<\/div>\n            <div class=\"text-sm text-gray-500\">ID: 1<\/div>\n          <\/div>\n        <\/div>\n      <\/td>\n      <td class=\"px-6 py-4 whitespace-nowrap text-sm text-gray-900\">2021020109<\/td>\n      <td class=\"px-6 py-4 whitespace-nowrap\">\n        <span class=\"px-2 py-1 text-xs font-semibold rounded-full bg-blue-100 text-blue-800\">\n          Teknik Informatika        <\/span>\n      <\/td>\n      <td class=\"px-6 py-4 whitespace-nowrap\">\n                <span class=\"px-2 py-1 text-xs font-semibold rounded-full bg-green-100 text-green-800\">\n          Aktif        <\/span>\n      <\/td>\n      <td class=\"px-6 py-4 whitespace-nowrap text-sm text-gray-500\">\n        Jan 01, 1970      <\/td>\n      <td class=\"px-6 py-4 whitespace-nowrap text-sm font-medium\">\n        <div class=\"flex gap-2\">\n          <button onclick=\"updateUserStatus(1, 'nonaktif')\"\n            class=\"text-blue-600 hover:text-blue-900\"\n            title=\"Deactivate\">\n            <i class=\"ri-user-forbid-line\"><\/i>\n          <\/button>\n          <button class=\"text-green-600 hover:text-green-900\" title=\"Edit\"\n            data-action=\"edit-user\"\n            data-user-id=\"1\"\n            data-namalengkap=\"Salman Asmandi\"\n            data-npm=\"2021020109\"\n            data-jurusan=\"teknik informatika\"\n            data-status=\"aktif\">\n            <i class=\"ri-edit-2-line\"><\/i>\n          <\/button>\n          <button onclick=\"deleteUser(1)\" class=\"text-red-600 hover:text-red-900\" title=\"Delete\">\n            <i class=\"ri-delete-bin-line\"><\/i>\n          <\/button>\n        <\/div>\n      <\/td>\n    <\/tr>\n  ","pagination":"","stats":{"total":5,"active":4,"pending":0,"nonaktif":1}}
DEBUG - 2025-10-06 07:51:17 --> Session: Class initialized using 'CodeIgniter\Session\Handlers\FileHandler' driver.
DEBUG - 2025-10-06 07:51:17 --> MasterData::users called - Method: GET, AJAX: Yes
DEBUG - 2025-10-06 07:51:17 --> Pagination params - Page: 1, Search: salma, Status: , Jurusan: 
DEBUG - 2025-10-06 07:51:17 --> Total users count: 1, Total pages: 1
DEBUG - 2025-10-06 07:51:17 --> Returning AJAX JSON response for pagination
WARNING - 2025-10-06 07:51:17 --> [DEPRECATED] strtotime(): Passing null to parameter #1 ($datetime) of type string is deprecated in APPPATH\Views\admin\partials\users_tbody.php on line 68.
 1 APPPATH\Views\admin\partials\users_tbody.php(68): strtotime(null)
 2 SYSTEMPATH\View\View.php(226): include('C:\\laragon\\www\\minha-ai\\app\\Views\\admin\\partials\\users_tbody.php')
 3 SYSTEMPATH\View\View.php(229): CodeIgniter\View\View->CodeIgniter\View\{closure}()
 4 SYSTEMPATH\Common.php(1167): CodeIgniter\View\View->render('admin/partials/users_tbody', [], true)
 5 APPPATH\Controllers\Admin\MasterData.php(188): view('admin/partials/users_tbody', [...])
 6 SYSTEMPATH\CodeIgniter.php(933): App\Controllers\Admin\MasterData->users()
 7 SYSTEMPATH\CodeIgniter.php(507): CodeIgniter\CodeIgniter->runController(Object(App\Controllers\Admin\MasterData))
 8 SYSTEMPATH\CodeIgniter.php(354): CodeIgniter\CodeIgniter->handleRequest(null, Object(Config\Cache), false)
 9 SYSTEMPATH\Boot.php(363): CodeIgniter\CodeIgniter->run()
10 SYSTEMPATH\Boot.php(68): CodeIgniter\Boot::runCodeIgniter(Object(CodeIgniter\CodeIgniter))
11 FCPATH\index.php(59): CodeIgniter\Boot::bootWeb(Object(Config\Paths))
DEBUG - 2025-10-06 07:51:17 --> AJAX Response: {"success":true,"html":"      <tr class=\"hover:bg-gray-50\">\n\n      <td class=\"px-6 py-4 whitespace-nowrap\">\n        <div class=\"flex items-center\">\n          <div class=\"w-10 h-10 rounded-full mr-3 flex items-center justify-center overflow-hidden\">\n            \n                          <span class=\"w-full h-full bg-blue-100 text-blue-600 font-semibold flex items-center justify-center text-sm\">\n                SA              <\/span>\n                      <\/div>\n          <div>\n            <div class=\"text-sm font-medium text-gray-900\">Salman Asmandi<\/div>\n            <div class=\"text-sm text-gray-500\">ID: 1<\/div>\n          <\/div>\n        <\/div>\n      <\/td>\n      <td class=\"px-6 py-4 whitespace-nowrap text-sm text-gray-900\">2021020109<\/td>\n      <td class=\"px-6 py-4 whitespace-nowrap\">\n        <span class=\"px-2 py-1 text-xs font-semibold rounded-full bg-blue-100 text-blue-800\">\n          Teknik Informatika        <\/span>\n      <\/td>\n      <td class=\"px-6 py-4 whitespace-nowrap\">\n                <span class=\"px-2 py-1 text-xs font-semibold rounded-full bg-green-100 text-green-800\">\n          Aktif        <\/span>\n      <\/td>\n      <td class=\"px-6 py-4 whitespace-nowrap text-sm text-gray-500\">\n        Jan 01, 1970      <\/td>\n      <td class=\"px-6 py-4 whitespace-nowrap text-sm font-medium\">\n        <div class=\"flex gap-2\">\n          <button onclick=\"updateUserStatus(1, 'nonaktif')\"\n            class=\"text-blue-600 hover:text-blue-900\"\n            title=\"Deactivate\">\n            <i class=\"ri-user-forbid-line\"><\/i>\n          <\/button>\n          <button class=\"text-green-600 hover:text-green-900\" title=\"Edit\"\n            data-action=\"edit-user\"\n            data-user-id=\"1\"\n            data-namalengkap=\"Salman Asmandi\"\n            data-npm=\"2021020109\"\n            data-jurusan=\"teknik informatika\"\n            data-status=\"aktif\">\n            <i class=\"ri-edit-2-line\"><\/i>\n          <\/button>\n          <button onclick=\"deleteUser(1)\" class=\"text-red-600 hover:text-red-900\" title=\"Delete\">\n            <i class=\"ri-delete-bin-line\"><\/i>\n          <\/button>\n        <\/div>\n      <\/td>\n    <\/tr>\n  ","pagination":"","stats":{"total":5,"active":4,"pending":0,"nonaktif":1}}
DEBUG - 2025-10-06 07:51:17 --> Session: Class initialized using 'CodeIgniter\Session\Handlers\FileHandler' driver.
DEBUG - 2025-10-06 07:51:17 --> MasterData::users called - Method: GET, AJAX: Yes
DEBUG - 2025-10-06 07:51:17 --> Pagination params - Page: 1, Search: salman, Status: , Jurusan: 
DEBUG - 2025-10-06 07:51:17 --> Total users count: 1, Total pages: 1
DEBUG - 2025-10-06 07:51:17 --> Returning AJAX JSON response for pagination
WARNING - 2025-10-06 07:51:17 --> [DEPRECATED] strtotime(): Passing null to parameter #1 ($datetime) of type string is deprecated in APPPATH\Views\admin\partials\users_tbody.php on line 68.
 1 APPPATH\Views\admin\partials\users_tbody.php(68): strtotime(null)
 2 SYSTEMPATH\View\View.php(226): include('C:\\laragon\\www\\minha-ai\\app\\Views\\admin\\partials\\users_tbody.php')
 3 SYSTEMPATH\View\View.php(229): CodeIgniter\View\View->CodeIgniter\View\{closure}()
 4 SYSTEMPATH\Common.php(1167): CodeIgniter\View\View->render('admin/partials/users_tbody', [], true)
 5 APPPATH\Controllers\Admin\MasterData.php(188): view('admin/partials/users_tbody', [...])
 6 SYSTEMPATH\CodeIgniter.php(933): App\Controllers\Admin\MasterData->users()
 7 SYSTEMPATH\CodeIgniter.php(507): CodeIgniter\CodeIgniter->runController(Object(App\Controllers\Admin\MasterData))
 8 SYSTEMPATH\CodeIgniter.php(354): CodeIgniter\CodeIgniter->handleRequest(null, Object(Config\Cache), false)
 9 SYSTEMPATH\Boot.php(363): CodeIgniter\CodeIgniter->run()
10 SYSTEMPATH\Boot.php(68): CodeIgniter\Boot::runCodeIgniter(Object(CodeIgniter\CodeIgniter))
11 FCPATH\index.php(59): CodeIgniter\Boot::bootWeb(Object(Config\Paths))
DEBUG - 2025-10-06 07:51:17 --> AJAX Response: {"success":true,"html":"      <tr class=\"hover:bg-gray-50\">\n\n      <td class=\"px-6 py-4 whitespace-nowrap\">\n        <div class=\"flex items-center\">\n          <div class=\"w-10 h-10 rounded-full mr-3 flex items-center justify-center overflow-hidden\">\n            \n                          <span class=\"w-full h-full bg-blue-100 text-blue-600 font-semibold flex items-center justify-center text-sm\">\n                SA              <\/span>\n                      <\/div>\n          <div>\n            <div class=\"text-sm font-medium text-gray-900\">Salman Asmandi<\/div>\n            <div class=\"text-sm text-gray-500\">ID: 1<\/div>\n          <\/div>\n        <\/div>\n      <\/td>\n      <td class=\"px-6 py-4 whitespace-nowrap text-sm text-gray-900\">2021020109<\/td>\n      <td class=\"px-6 py-4 whitespace-nowrap\">\n        <span class=\"px-2 py-1 text-xs font-semibold rounded-full bg-blue-100 text-blue-800\">\n          Teknik Informatika        <\/span>\n      <\/td>\n      <td class=\"px-6 py-4 whitespace-nowrap\">\n                <span class=\"px-2 py-1 text-xs font-semibold rounded-full bg-green-100 text-green-800\">\n          Aktif        <\/span>\n      <\/td>\n      <td class=\"px-6 py-4 whitespace-nowrap text-sm text-gray-500\">\n        Jan 01, 1970      <\/td>\n      <td class=\"px-6 py-4 whitespace-nowrap text-sm font-medium\">\n        <div class=\"flex gap-2\">\n          <button onclick=\"updateUserStatus(1, 'nonaktif')\"\n            class=\"text-blue-600 hover:text-blue-900\"\n            title=\"Deactivate\">\n            <i class=\"ri-user-forbid-line\"><\/i>\n          <\/button>\n          <button class=\"text-green-600 hover:text-green-900\" title=\"Edit\"\n            data-action=\"edit-user\"\n            data-user-id=\"1\"\n            data-namalengkap=\"Salman Asmandi\"\n            data-npm=\"2021020109\"\n            data-jurusan=\"teknik informatika\"\n            data-status=\"aktif\">\n            <i class=\"ri-edit-2-line\"><\/i>\n          <\/button>\n          <button onclick=\"deleteUser(1)\" class=\"text-red-600 hover:text-red-900\" title=\"Delete\">\n            <i class=\"ri-delete-bin-line\"><\/i>\n          <\/button>\n        <\/div>\n      <\/td>\n    <\/tr>\n  ","pagination":"","stats":{"total":5,"active":4,"pending":0,"nonaktif":1}}
DEBUG - 2025-10-06 07:51:18 --> Session: Class initialized using 'CodeIgniter\Session\Handlers\FileHandler' driver.
DEBUG - 2025-10-06 07:51:18 --> MasterData::users called - Method: GET, AJAX: Yes
DEBUG - 2025-10-06 07:51:18 --> Pagination params - Page: 1, Search: salman, Status: , Jurusan: 
DEBUG - 2025-10-06 07:51:18 --> Total users count: 1, Total pages: 1
DEBUG - 2025-10-06 07:51:18 --> Returning AJAX JSON response for pagination
WARNING - 2025-10-06 07:51:18 --> [DEPRECATED] strtotime(): Passing null to parameter #1 ($datetime) of type string is deprecated in APPPATH\Views\admin\partials\users_tbody.php on line 68.
 1 APPPATH\Views\admin\partials\users_tbody.php(68): strtotime(null)
 2 SYSTEMPATH\View\View.php(226): include('C:\\laragon\\www\\minha-ai\\app\\Views\\admin\\partials\\users_tbody.php')
 3 SYSTEMPATH\View\View.php(229): CodeIgniter\View\View->CodeIgniter\View\{closure}()
 4 SYSTEMPATH\Common.php(1167): CodeIgniter\View\View->render('admin/partials/users_tbody', [], true)
 5 APPPATH\Controllers\Admin\MasterData.php(188): view('admin/partials/users_tbody', [...])
 6 SYSTEMPATH\CodeIgniter.php(933): App\Controllers\Admin\MasterData->users()
 7 SYSTEMPATH\CodeIgniter.php(507): CodeIgniter\CodeIgniter->runController(Object(App\Controllers\Admin\MasterData))
 8 SYSTEMPATH\CodeIgniter.php(354): CodeIgniter\CodeIgniter->handleRequest(null, Object(Config\Cache), false)
 9 SYSTEMPATH\Boot.php(363): CodeIgniter\CodeIgniter->run()
10 SYSTEMPATH\Boot.php(68): CodeIgniter\Boot::runCodeIgniter(Object(CodeIgniter\CodeIgniter))
11 FCPATH\index.php(59): CodeIgniter\Boot::bootWeb(Object(Config\Paths))
DEBUG - 2025-10-06 07:51:18 --> AJAX Response: {"success":true,"html":"      <tr class=\"hover:bg-gray-50\">\n\n      <td class=\"px-6 py-4 whitespace-nowrap\">\n        <div class=\"flex items-center\">\n          <div class=\"w-10 h-10 rounded-full mr-3 flex items-center justify-center overflow-hidden\">\n            \n                          <span class=\"w-full h-full bg-blue-100 text-blue-600 font-semibold flex items-center justify-center text-sm\">\n                SA              <\/span>\n                      <\/div>\n          <div>\n            <div class=\"text-sm font-medium text-gray-900\">Salman Asmandi<\/div>\n            <div class=\"text-sm text-gray-500\">ID: 1<\/div>\n          <\/div>\n        <\/div>\n      <\/td>\n      <td class=\"px-6 py-4 whitespace-nowrap text-sm text-gray-900\">2021020109<\/td>\n      <td class=\"px-6 py-4 whitespace-nowrap\">\n        <span class=\"px-2 py-1 text-xs font-semibold rounded-full bg-blue-100 text-blue-800\">\n          Teknik Informatika        <\/span>\n      <\/td>\n      <td class=\"px-6 py-4 whitespace-nowrap\">\n                <span class=\"px-2 py-1 text-xs font-semibold rounded-full bg-green-100 text-green-800\">\n          Aktif        <\/span>\n      <\/td>\n      <td class=\"px-6 py-4 whitespace-nowrap text-sm text-gray-500\">\n        Jan 01, 1970      <\/td>\n      <td class=\"px-6 py-4 whitespace-nowrap text-sm font-medium\">\n        <div class=\"flex gap-2\">\n          <button onclick=\"updateUserStatus(1, 'nonaktif')\"\n            class=\"text-blue-600 hover:text-blue-900\"\n            title=\"Deactivate\">\n            <i class=\"ri-user-forbid-line\"><\/i>\n          <\/button>\n          <button class=\"text-green-600 hover:text-green-900\" title=\"Edit\"\n            data-action=\"edit-user\"\n            data-user-id=\"1\"\n            data-namalengkap=\"Salman Asmandi\"\n            data-npm=\"2021020109\"\n            data-jurusan=\"teknik informatika\"\n            data-status=\"aktif\">\n            <i class=\"ri-edit-2-line\"><\/i>\n          <\/button>\n          <button onclick=\"deleteUser(1)\" class=\"text-red-600 hover:text-red-900\" title=\"Delete\">\n            <i class=\"ri-delete-bin-line\"><\/i>\n          <\/button>\n        <\/div>\n      <\/td>\n    <\/tr>\n  ","pagination":"","stats":{"total":5,"active":4,"pending":0,"nonaktif":1}}
DEBUG - 2025-10-06 07:51:19 --> Session: Class initialized using 'CodeIgniter\Session\Handlers\FileHandler' driver.
DEBUG - 2025-10-06 07:51:19 --> MasterData::users called - Method: GET, AJAX: Yes
DEBUG - 2025-10-06 07:51:19 --> Pagination params - Page: 1, Search: , Status: , Jurusan: 
DEBUG - 2025-10-06 07:51:20 --> Total users count: 5, Total pages: 1
DEBUG - 2025-10-06 07:51:20 --> Returning AJAX JSON response for pagination
WARNING - 2025-10-06 07:51:20 --> [DEPRECATED] strtotime(): Passing null to parameter #1 ($datetime) of type string is deprecated in APPPATH\Views\admin\partials\users_tbody.php on line 68.
 1 APPPATH\Views\admin\partials\users_tbody.php(68): strtotime(null)
 2 SYSTEMPATH\View\View.php(226): include('C:\\laragon\\www\\minha-ai\\app\\Views\\admin\\partials\\users_tbody.php')
 3 SYSTEMPATH\View\View.php(229): CodeIgniter\View\View->CodeIgniter\View\{closure}()
 4 SYSTEMPATH\Common.php(1167): CodeIgniter\View\View->render('admin/partials/users_tbody', [], true)
 5 APPPATH\Controllers\Admin\MasterData.php(188): view('admin/partials/users_tbody', [...])
 6 SYSTEMPATH\CodeIgniter.php(933): App\Controllers\Admin\MasterData->users()
 7 SYSTEMPATH\CodeIgniter.php(507): CodeIgniter\CodeIgniter->runController(Object(App\Controllers\Admin\MasterData))
 8 SYSTEMPATH\CodeIgniter.php(354): CodeIgniter\CodeIgniter->handleRequest(null, Object(Config\Cache), false)
 9 SYSTEMPATH\Boot.php(363): CodeIgniter\CodeIgniter->run()
10 SYSTEMPATH\Boot.php(68): CodeIgniter\Boot::runCodeIgniter(Object(CodeIgniter\CodeIgniter))
11 FCPATH\index.php(59): CodeIgniter\Boot::bootWeb(Object(Config\Paths))
WARNING - 2025-10-06 07:51:20 --> [DEPRECATED] strtotime(): Passing null to parameter #1 ($datetime) of type string is deprecated in APPPATH\Views\admin\partials\users_tbody.php on line 68.
 1 APPPATH\Views\admin\partials\users_tbody.php(68): strtotime(null)
 2 SYSTEMPATH\View\View.php(226): include('C:\\laragon\\www\\minha-ai\\app\\Views\\admin\\partials\\users_tbody.php')
 3 SYSTEMPATH\View\View.php(229): CodeIgniter\View\View->CodeIgniter\View\{closure}()
 4 SYSTEMPATH\Common.php(1167): CodeIgniter\View\View->render('admin/partials/users_tbody', [], true)
 5 APPPATH\Controllers\Admin\MasterData.php(188): view('admin/partials/users_tbody', [...])
 6 SYSTEMPATH\CodeIgniter.php(933): App\Controllers\Admin\MasterData->users()
 7 SYSTEMPATH\CodeIgniter.php(507): CodeIgniter\CodeIgniter->runController(Object(App\Controllers\Admin\MasterData))
 8 SYSTEMPATH\CodeIgniter.php(354): CodeIgniter\CodeIgniter->handleRequest(null, Object(Config\Cache), false)
 9 SYSTEMPATH\Boot.php(363): CodeIgniter\CodeIgniter->run()
10 SYSTEMPATH\Boot.php(68): CodeIgniter\Boot::runCodeIgniter(Object(CodeIgniter\CodeIgniter))
11 FCPATH\index.php(59): CodeIgniter\Boot::bootWeb(Object(Config\Paths))
WARNING - 2025-10-06 07:51:20 --> [DEPRECATED] strtotime(): Passing null to parameter #1 ($datetime) of type string is deprecated in APPPATH\Views\admin\partials\users_tbody.php on line 68.
 1 APPPATH\Views\admin\partials\users_tbody.php(68): strtotime(null)
 2 SYSTEMPATH\View\View.php(226): include('C:\\laragon\\www\\minha-ai\\app\\Views\\admin\\partials\\users_tbody.php')
 3 SYSTEMPATH\View\View.php(229): CodeIgniter\View\View->CodeIgniter\View\{closure}()
 4 SYSTEMPATH\Common.php(1167): CodeIgniter\View\View->render('admin/partials/users_tbody', [], true)
 5 APPPATH\Controllers\Admin\MasterData.php(188): view('admin/partials/users_tbody', [...])
 6 SYSTEMPATH\CodeIgniter.php(933): App\Controllers\Admin\MasterData->users()
 7 SYSTEMPATH\CodeIgniter.php(507): CodeIgniter\CodeIgniter->runController(Object(App\Controllers\Admin\MasterData))
 8 SYSTEMPATH\CodeIgniter.php(354): CodeIgniter\CodeIgniter->handleRequest(null, Object(Config\Cache), false)
 9 SYSTEMPATH\Boot.php(363): CodeIgniter\CodeIgniter->run()
10 SYSTEMPATH\Boot.php(68): CodeIgniter\Boot::runCodeIgniter(Object(CodeIgniter\CodeIgniter))
11 FCPATH\index.php(59): CodeIgniter\Boot::bootWeb(Object(Config\Paths))
DEBUG - 2025-10-06 07:51:20 --> AJAX Response: {"success":true,"html":"      <tr class=\"hover:bg-gray-50\">\n\n      <td class=\"px-6 py-4 whitespace-nowrap\">\n        <div class=\"flex items-center\">\n          <div class=\"w-10 h-10 rounded-full mr-3 flex items-center justify-center overflow-hidden\">\n            \n                          <span class=\"w-full h-full bg-blue-100 text-blue-600 font-semibold flex items-center justify-center text-sm\">\n                A              <\/span>\n                      <\/div>\n          <div>\n            <div class=\"text-sm font-medium text-gray-900\">alesxy<\/div>\n            <div class=\"text-sm text-gray-500\">ID: 5<\/div>\n          <\/div>\n        <\/div>\n      <\/td>\n      <td class=\"px-6 py-4 whitespace-nowrap text-sm text-gray-900\">202029393939<\/td>\n      <td class=\"px-6 py-4 whitespace-nowrap\">\n        <span class=\"px-2 py-1 text-xs font-semibold rounded-full bg-blue-100 text-blue-800\">\n          Teknik Informatika        <\/span>\n      <\/td>\n      <td class=\"px-6 py-4 whitespace-nowrap\">\n                <span class=\"px-2 py-1 text-xs font-semibold rounded-full bg-green-100 text-green-800\">\n          Aktif        <\/span>\n      <\/td>\n      <td class=\"px-6 py-4 whitespace-nowrap text-sm text-gray-500\">\n        Oct 05, 2025      <\/td>\n      <td class=\"px-6 py-4 whitespace-nowrap text-sm font-medium\">\n        <div class=\"flex gap-2\">\n          <button onclick=\"updateUserStatus(5, 'nonaktif')\"\n            class=\"text-blue-600 hover:text-blue-900\"\n            title=\"Deactivate\">\n            <i class=\"ri-user-forbid-line\"><\/i>\n          <\/button>\n          <button class=\"text-green-600 hover:text-green-900\" title=\"Edit\"\n            data-action=\"edit-user\"\n            data-user-id=\"5\"\n            data-namalengkap=\"alesxy\"\n            data-npm=\"202029393939\"\n            data-jurusan=\"teknik informatika\"\n            data-status=\"aktif\">\n            <i class=\"ri-edit-2-line\"><\/i>\n          <\/button>\n          <button onclick=\"deleteUser(5)\" class=\"text-red-600 hover:text-red-900\" title=\"Delete\">\n            <i class=\"ri-delete-bin-line\"><\/i>\n          <\/button>\n        <\/div>\n      <\/td>\n    <\/tr>\n      <tr class=\"hover:bg-gray-50\">\n\n      <td class=\"px-6 py-4 whitespace-nowrap\">\n        <div class=\"flex items-center\">\n          <div class=\"w-10 h-10 rounded-full mr-3 flex items-center justify-center overflow-hidden\">\n            \n                          <span class=\"w-full h-full bg-blue-100 text-blue-600 font-semibold flex items-center justify-center text-sm\">\n                MW              <\/span>\n                      <\/div>\n          <div>\n            <div class=\"text-sm font-medium text-gray-900\">marlini wahyuni<\/div>\n            <div class=\"text-sm text-gray-500\">ID: 4<\/div>\n          <\/div>\n        <\/div>\n      <\/td>\n      <td class=\"px-6 py-4 whitespace-nowrap text-sm text-gray-900\">2023010203<\/td>\n      <td class=\"px-6 py-4 whitespace-nowrap\">\n        <span class=\"px-2 py-1 text-xs font-semibold rounded-full bg-blue-100 text-blue-800\">\n          Sistem Komputer        <\/span>\n      <\/td>\n      <td class=\"px-6 py-4 whitespace-nowrap\">\n                <span class=\"px-2 py-1 text-xs font-semibold rounded-full bg-red-100 text-red-800\">\n          Nonaktif        <\/span>\n      <\/td>\n      <td class=\"px-6 py-4 whitespace-nowrap text-sm text-gray-500\">\n        Oct 04, 2025      <\/td>\n      <td class=\"px-6 py-4 whitespace-nowrap text-sm font-medium\">\n        <div class=\"flex gap-2\">\n          <button onclick=\"updateUserStatus(4, 'aktif')\"\n            class=\"text-blue-600 hover:text-blue-900\"\n            title=\"Activate\">\n            <i class=\"ri-user-check-line\"><\/i>\n          <\/button>\n          <button class=\"text-green-600 hover:text-green-900\" title=\"Edit\"\n            data-action=\"edit-user\"\n            data-user-id=\"4\"\n            data-namalengkap=\"marlini wahyuni\"\n            data-npm=\"2023010203\"\n            data-jurusan=\"sistem komputer\"\n            data-status=\"nonaktif\">\n            <i class=\"ri-edit-2-line\"><\/i>\n          <\/button>\n          <button onclick=\"deleteUser(4)\" class=\"text-red-600 hover:text-red-900\" title=\"Delete\">\n            <i class=\"ri-delete-bin-line\"><\/i>\n          <\/button>\n        <\/div>\n      <\/td>\n    <\/tr>\n      <tr class=\"hover:bg-gray-50\">\n\n      <td class=\"px-6 py-4 whitespace-nowrap\">\n        <div class=\"flex items-center\">\n          <div class=\"w-10 h-10 rounded-full mr-3 flex items-center justify-center overflow-hidden\">\n            \n                          <span class=\"w-full h-full bg-blue-100 text-blue-600 font-semibold flex items-center justify-center text-sm\">\n                SA              <\/span>\n                      <\/div>\n          <div>\n            <div class=\"text-sm font-medium text-gray-900\">Salman Asmandi<\/div>\n            <div class=\"text-sm text-gray-500\">ID: 1<\/div>\n          <\/div>\n        <\/div>\n      <\/td>\n      <td class=\"px-6 py-4 whitespace-nowrap text-sm text-gray-900\">2021020109<\/td>\n      <td class=\"px-6 py-4 whitespace-nowrap\">\n        <span class=\"px-2 py-1 text-xs font-semibold rounded-full bg-blue-100 text-blue-800\">\n          Teknik Informatika        <\/span>\n      <\/td>\n      <td class=\"px-6 py-4 whitespace-nowrap\">\n                <span class=\"px-2 py-1 text-xs font-semibold rounded-full bg-green-100 text-green-800\">\n          Aktif        <\/span>\n      <\/td>\n      <td class=\"px-6 py-4 whitespace-nowrap text-sm text-gray-500\">\n        Jan 01, 1970      <\/td>\n      <td class=\"px-6 py-4 whitespace-nowrap text-sm font-medium\">\n        <div class=\"flex gap-2\">\n          <button onclick=\"updateUserStatus(1, 'nonaktif')\"\n            class=\"text-blue-600 hover:text-blue-900\"\n            title=\"Deactivate\">\n            <i class=\"ri-user-forbid-line\"><\/i>\n          <\/button>\n          <button class=\"text-green-600 hover:text-green-900\" title=\"Edit\"\n            data-action=\"edit-user\"\n            data-user-id=\"1\"\n            data-namalengkap=\"Salman Asmandi\"\n            data-npm=\"2021020109\"\n            data-jurusan=\"teknik informatika\"\n            data-status=\"aktif\">\n            <i class=\"ri-edit-2-line\"><\/i>\n          <\/button>\n          <button onclick=\"deleteUser(1)\" class=\"text-red-600 hover:text-red-900\" title=\"Delete\">\n            <i class=\"ri-delete-bin-line\"><\/i>\n          <\/button>\n        <\/div>\n      <\/td>\n    <\/tr>\n      <tr class=\"hover:bg-gray-50\">\n\n      <td class=\"px-6 py-4 whitespace-nowrap\">\n        <div class=\"flex items-center\">\n          <div class=\"w-10 h-10 rounded-full mr-3 flex items-center justify-center overflow-hidden\">\n            \n                          <span class=\"w-full h-full bg-blue-100 text-blue-600 font-semibold flex items-center justify-center text-sm\">\n                AA              <\/span>\n                      <\/div>\n          <div>\n            <div class=\"text-sm font-medium text-gray-900\">Andi Aulia Putri<\/div>\n            <div class=\"text-sm text-gray-500\">ID: 2<\/div>\n          <\/div>\n        <\/div>\n      <\/td>\n      <td class=\"px-6 py-4 whitespace-nowrap text-sm text-gray-900\">2021020023<\/td>\n      <td class=\"px-6 py-4 whitespace-nowrap\">\n        <span class=\"px-2 py-1 text-xs font-semibold rounded-full bg-blue-100 text-blue-800\">\n          Teknik Informatika        <\/span>\n      <\/td>\n      <td class=\"px-6 py-4 whitespace-nowrap\">\n                <span class=\"px-2 py-1 text-xs font-semibold rounded-full bg-green-100 text-green-800\">\n          Aktif        <\/span>\n      <\/td>\n      <td class=\"px-6 py-4 whitespace-nowrap text-sm text-gray-500\">\n        Jan 01, 1970      <\/td>\n      <td class=\"px-6 py-4 whitespace-nowrap text-sm font-medium\">\n        <div class=\"flex gap-2\">\n          <button onclick=\"updateUserStatus(2, 'nonaktif')\"\n            class=\"text-blue-600 hover:text-blue-900\"\n            title=\"Deactivate\">\n            <i class=\"ri-user-forbid-line\"><\/i>\n          <\/button>\n          <button class=\"text-green-600 hover:text-green-900\" title=\"Edit\"\n            data-action=\"edit-user\"\n            data-user-id=\"2\"\n            data-namalengkap=\"Andi Aulia Putri\"\n            data-npm=\"2021020023\"\n            data-jurusan=\"teknik informatika\"\n            data-status=\"aktif\">\n            <i class=\"ri-edit-2-line\"><\/i>\n          <\/button>\n          <button onclick=\"deleteUser(2)\" class=\"text-red-600 hover:text-red-900\" title=\"Delete\">\n            <i class=\"ri-delete-bin-line\"><\/i>\n          <\/button>\n        <\/div>\n      <\/td>\n    <\/tr>\n      <tr class=\"hover:bg-gray-50\">\n\n      <td class=\"px-6 py-4 whitespace-nowrap\">\n        <div class=\"flex items-center\">\n          <div class=\"w-10 h-10 rounded-full mr-3 flex items-center justify-center overflow-hidden\">\n            \n                          <span class=\"w-full h-full bg-blue-100 text-blue-600 font-semibold flex items-center justify-center text-sm\">\n                AS              <\/span>\n                      <\/div>\n          <div>\n            <div class=\"text-sm font-medium text-gray-900\">Ahmad Sawal<\/div>\n            <div class=\"text-sm text-gray-500\">ID: 3<\/div>\n          <\/div>\n        <\/div>\n      <\/td>\n      <td class=\"px-6 py-4 whitespace-nowrap text-sm text-gray-900\">2021020110<\/td>\n      <td class=\"px-6 py-4 whitespace-nowrap\">\n        <span class=\"px-2 py-1 text-xs font-semibold rounded-full bg-blue-100 text-blue-800\">\n          Teknik Informatika        <\/span>\n      <\/td>\n      <td class=\"px-6 py-4 whitespace-nowrap\">\n                <span class=\"px-2 py-1 text-xs font-semibold rounded-full bg-green-100 text-green-800\">\n          Aktif        <\/span>\n      <\/td>\n      <td class=\"px-6 py-4 whitespace-nowrap text-sm text-gray-500\">\n        Jan 01, 1970      <\/td>\n      <td class=\"px-6 py-4 whitespace-nowrap text-sm font-medium\">\n        <div class=\"flex gap-2\">\n          <button onclick=\"updateUserStatus(3, 'nonaktif')\"\n            class=\"text-blue-600 hover:text-blue-900\"\n            title=\"Deactivate\">\n            <i class=\"ri-user-forbid-line\"><\/i>\n          <\/button>\n          <button class=\"text-green-600 hover:text-green-900\" title=\"Edit\"\n            data-action=\"edit-user\"\n            data-user-id=\"3\"\n            data-namalengkap=\"Ahmad Sawal\"\n            data-npm=\"2021020110\"\n            data-jurusan=\"teknik informatika\"\n            data-status=\"aktif\">\n            <i class=\"ri-edit-2-line\"><\/i>\n          <\/button>\n          <button onclick=\"deleteUser(3)\" class=\"text-red-600 hover:text-red-900\" title=\"Delete\">\n            <i class=\"ri-delete-bin-line\"><\/i>\n          <\/button>\n        <\/div>\n      <\/td>\n    <\/tr>\n  ","pagination":"","stats":{"total":5,"active":4,"pending":0,"nonaktif":1}}
DEBUG - 2025-10-06 07:51:20 --> Session: Class initialized using 'CodeIgniter\Session\Handlers\FileHandler' driver.
DEBUG - 2025-10-06 07:51:20 --> MasterData::users called - Method: GET, AJAX: Yes
DEBUG - 2025-10-06 07:51:20 --> Pagination params - Page: 1, Search: , Status: , Jurusan: 
DEBUG - 2025-10-06 07:51:20 --> Total users count: 5, Total pages: 1
DEBUG - 2025-10-06 07:51:20 --> Returning AJAX JSON response for pagination
WARNING - 2025-10-06 07:51:20 --> [DEPRECATED] strtotime(): Passing null to parameter #1 ($datetime) of type string is deprecated in APPPATH\Views\admin\partials\users_tbody.php on line 68.
 1 APPPATH\Views\admin\partials\users_tbody.php(68): strtotime(null)
 2 SYSTEMPATH\View\View.php(226): include('C:\\laragon\\www\\minha-ai\\app\\Views\\admin\\partials\\users_tbody.php')
 3 SYSTEMPATH\View\View.php(229): CodeIgniter\View\View->CodeIgniter\View\{closure}()
 4 SYSTEMPATH\Common.php(1167): CodeIgniter\View\View->render('admin/partials/users_tbody', [], true)
 5 APPPATH\Controllers\Admin\MasterData.php(188): view('admin/partials/users_tbody', [...])
 6 SYSTEMPATH\CodeIgniter.php(933): App\Controllers\Admin\MasterData->users()
 7 SYSTEMPATH\CodeIgniter.php(507): CodeIgniter\CodeIgniter->runController(Object(App\Controllers\Admin\MasterData))
 8 SYSTEMPATH\CodeIgniter.php(354): CodeIgniter\CodeIgniter->handleRequest(null, Object(Config\Cache), false)
 9 SYSTEMPATH\Boot.php(363): CodeIgniter\CodeIgniter->run()
10 SYSTEMPATH\Boot.php(68): CodeIgniter\Boot::runCodeIgniter(Object(CodeIgniter\CodeIgniter))
11 FCPATH\index.php(59): CodeIgniter\Boot::bootWeb(Object(Config\Paths))
WARNING - 2025-10-06 07:51:20 --> [DEPRECATED] strtotime(): Passing null to parameter #1 ($datetime) of type string is deprecated in APPPATH\Views\admin\partials\users_tbody.php on line 68.
 1 APPPATH\Views\admin\partials\users_tbody.php(68): strtotime(null)
 2 SYSTEMPATH\View\View.php(226): include('C:\\laragon\\www\\minha-ai\\app\\Views\\admin\\partials\\users_tbody.php')
 3 SYSTEMPATH\View\View.php(229): CodeIgniter\View\View->CodeIgniter\View\{closure}()
 4 SYSTEMPATH\Common.php(1167): CodeIgniter\View\View->render('admin/partials/users_tbody', [], true)
 5 APPPATH\Controllers\Admin\MasterData.php(188): view('admin/partials/users_tbody', [...])
 6 SYSTEMPATH\CodeIgniter.php(933): App\Controllers\Admin\MasterData->users()
 7 SYSTEMPATH\CodeIgniter.php(507): CodeIgniter\CodeIgniter->runController(Object(App\Controllers\Admin\MasterData))
 8 SYSTEMPATH\CodeIgniter.php(354): CodeIgniter\CodeIgniter->handleRequest(null, Object(Config\Cache), false)
 9 SYSTEMPATH\Boot.php(363): CodeIgniter\CodeIgniter->run()
10 SYSTEMPATH\Boot.php(68): CodeIgniter\Boot::runCodeIgniter(Object(CodeIgniter\CodeIgniter))
11 FCPATH\index.php(59): CodeIgniter\Boot::bootWeb(Object(Config\Paths))
WARNING - 2025-10-06 07:51:20 --> [DEPRECATED] strtotime(): Passing null to parameter #1 ($datetime) of type string is deprecated in APPPATH\Views\admin\partials\users_tbody.php on line 68.
 1 APPPATH\Views\admin\partials\users_tbody.php(68): strtotime(null)
 2 SYSTEMPATH\View\View.php(226): include('C:\\laragon\\www\\minha-ai\\app\\Views\\admin\\partials\\users_tbody.php')
 3 SYSTEMPATH\View\View.php(229): CodeIgniter\View\View->CodeIgniter\View\{closure}()
 4 SYSTEMPATH\Common.php(1167): CodeIgniter\View\View->render('admin/partials/users_tbody', [], true)
 5 APPPATH\Controllers\Admin\MasterData.php(188): view('admin/partials/users_tbody', [...])
 6 SYSTEMPATH\CodeIgniter.php(933): App\Controllers\Admin\MasterData->users()
 7 SYSTEMPATH\CodeIgniter.php(507): CodeIgniter\CodeIgniter->runController(Object(App\Controllers\Admin\MasterData))
 8 SYSTEMPATH\CodeIgniter.php(354): CodeIgniter\CodeIgniter->handleRequest(null, Object(Config\Cache), false)
 9 SYSTEMPATH\Boot.php(363): CodeIgniter\CodeIgniter->run()
10 SYSTEMPATH\Boot.php(68): CodeIgniter\Boot::runCodeIgniter(Object(CodeIgniter\CodeIgniter))
11 FCPATH\index.php(59): CodeIgniter\Boot::bootWeb(Object(Config\Paths))
DEBUG - 2025-10-06 07:51:20 --> AJAX Response: {"success":true,"html":"      <tr class=\"hover:bg-gray-50\">\n\n      <td class=\"px-6 py-4 whitespace-nowrap\">\n        <div class=\"flex items-center\">\n          <div class=\"w-10 h-10 rounded-full mr-3 flex items-center justify-center overflow-hidden\">\n            \n                          <span class=\"w-full h-full bg-blue-100 text-blue-600 font-semibold flex items-center justify-center text-sm\">\n                A              <\/span>\n                      <\/div>\n          <div>\n            <div class=\"text-sm font-medium text-gray-900\">alesxy<\/div>\n            <div class=\"text-sm text-gray-500\">ID: 5<\/div>\n          <\/div>\n        <\/div>\n      <\/td>\n      <td class=\"px-6 py-4 whitespace-nowrap text-sm text-gray-900\">202029393939<\/td>\n      <td class=\"px-6 py-4 whitespace-nowrap\">\n        <span class=\"px-2 py-1 text-xs font-semibold rounded-full bg-blue-100 text-blue-800\">\n          Teknik Informatika        <\/span>\n      <\/td>\n      <td class=\"px-6 py-4 whitespace-nowrap\">\n                <span class=\"px-2 py-1 text-xs font-semibold rounded-full bg-green-100 text-green-800\">\n          Aktif        <\/span>\n      <\/td>\n      <td class=\"px-6 py-4 whitespace-nowrap text-sm text-gray-500\">\n        Oct 05, 2025      <\/td>\n      <td class=\"px-6 py-4 whitespace-nowrap text-sm font-medium\">\n        <div class=\"flex gap-2\">\n          <button onclick=\"updateUserStatus(5, 'nonaktif')\"\n            class=\"text-blue-600 hover:text-blue-900\"\n            title=\"Deactivate\">\n            <i class=\"ri-user-forbid-line\"><\/i>\n          <\/button>\n          <button class=\"text-green-600 hover:text-green-900\" title=\"Edit\"\n            data-action=\"edit-user\"\n            data-user-id=\"5\"\n            data-namalengkap=\"alesxy\"\n            data-npm=\"202029393939\"\n            data-jurusan=\"teknik informatika\"\n            data-status=\"aktif\">\n            <i class=\"ri-edit-2-line\"><\/i>\n          <\/button>\n          <button onclick=\"deleteUser(5)\" class=\"text-red-600 hover:text-red-900\" title=\"Delete\">\n            <i class=\"ri-delete-bin-line\"><\/i>\n          <\/button>\n        <\/div>\n      <\/td>\n    <\/tr>\n      <tr class=\"hover:bg-gray-50\">\n\n      <td class=\"px-6 py-4 whitespace-nowrap\">\n        <div class=\"flex items-center\">\n          <div class=\"w-10 h-10 rounded-full mr-3 flex items-center justify-center overflow-hidden\">\n            \n                          <span class=\"w-full h-full bg-blue-100 text-blue-600 font-semibold flex items-center justify-center text-sm\">\n                MW              <\/span>\n                      <\/div>\n          <div>\n            <div class=\"text-sm font-medium text-gray-900\">marlini wahyuni<\/div>\n            <div class=\"text-sm text-gray-500\">ID: 4<\/div>\n          <\/div>\n        <\/div>\n      <\/td>\n      <td class=\"px-6 py-4 whitespace-nowrap text-sm text-gray-900\">2023010203<\/td>\n      <td class=\"px-6 py-4 whitespace-nowrap\">\n        <span class=\"px-2 py-1 text-xs font-semibold rounded-full bg-blue-100 text-blue-800\">\n          Sistem Komputer        <\/span>\n      <\/td>\n      <td class=\"px-6 py-4 whitespace-nowrap\">\n                <span class=\"px-2 py-1 text-xs font-semibold rounded-full bg-red-100 text-red-800\">\n          Nonaktif        <\/span>\n      <\/td>\n      <td class=\"px-6 py-4 whitespace-nowrap text-sm text-gray-500\">\n        Oct 04, 2025      <\/td>\n      <td class=\"px-6 py-4 whitespace-nowrap text-sm font-medium\">\n        <div class=\"flex gap-2\">\n          <button onclick=\"updateUserStatus(4, 'aktif')\"\n            class=\"text-blue-600 hover:text-blue-900\"\n            title=\"Activate\">\n            <i class=\"ri-user-check-line\"><\/i>\n          <\/button>\n          <button class=\"text-green-600 hover:text-green-900\" title=\"Edit\"\n            data-action=\"edit-user\"\n            data-user-id=\"4\"\n            data-namalengkap=\"marlini wahyuni\"\n            data-npm=\"2023010203\"\n            data-jurusan=\"sistem komputer\"\n            data-status=\"nonaktif\">\n            <i class=\"ri-edit-2-line\"><\/i>\n          <\/button>\n          <button onclick=\"deleteUser(4)\" class=\"text-red-600 hover:text-red-900\" title=\"Delete\">\n            <i class=\"ri-delete-bin-line\"><\/i>\n          <\/button>\n        <\/div>\n      <\/td>\n    <\/tr>\n      <tr class=\"hover:bg-gray-50\">\n\n      <td class=\"px-6 py-4 whitespace-nowrap\">\n        <div class=\"flex items-center\">\n          <div class=\"w-10 h-10 rounded-full mr-3 flex items-center justify-center overflow-hidden\">\n            \n                          <span class=\"w-full h-full bg-blue-100 text-blue-600 font-semibold flex items-center justify-center text-sm\">\n                SA              <\/span>\n                      <\/div>\n          <div>\n            <div class=\"text-sm font-medium text-gray-900\">Salman Asmandi<\/div>\n            <div class=\"text-sm text-gray-500\">ID: 1<\/div>\n          <\/div>\n        <\/div>\n      <\/td>\n      <td class=\"px-6 py-4 whitespace-nowrap text-sm text-gray-900\">2021020109<\/td>\n      <td class=\"px-6 py-4 whitespace-nowrap\">\n        <span class=\"px-2 py-1 text-xs font-semibold rounded-full bg-blue-100 text-blue-800\">\n          Teknik Informatika        <\/span>\n      <\/td>\n      <td class=\"px-6 py-4 whitespace-nowrap\">\n                <span class=\"px-2 py-1 text-xs font-semibold rounded-full bg-green-100 text-green-800\">\n          Aktif        <\/span>\n      <\/td>\n      <td class=\"px-6 py-4 whitespace-nowrap text-sm text-gray-500\">\n        Jan 01, 1970      <\/td>\n      <td class=\"px-6 py-4 whitespace-nowrap text-sm font-medium\">\n        <div class=\"flex gap-2\">\n          <button onclick=\"updateUserStatus(1, 'nonaktif')\"\n            class=\"text-blue-600 hover:text-blue-900\"\n            title=\"Deactivate\">\n            <i class=\"ri-user-forbid-line\"><\/i>\n          <\/button>\n          <button class=\"text-green-600 hover:text-green-900\" title=\"Edit\"\n            data-action=\"edit-user\"\n            data-user-id=\"1\"\n            data-namalengkap=\"Salman Asmandi\"\n            data-npm=\"2021020109\"\n            data-jurusan=\"teknik informatika\"\n            data-status=\"aktif\">\n            <i class=\"ri-edit-2-line\"><\/i>\n          <\/button>\n          <button onclick=\"deleteUser(1)\" class=\"text-red-600 hover:text-red-900\" title=\"Delete\">\n            <i class=\"ri-delete-bin-line\"><\/i>\n          <\/button>\n        <\/div>\n      <\/td>\n    <\/tr>\n      <tr class=\"hover:bg-gray-50\">\n\n      <td class=\"px-6 py-4 whitespace-nowrap\">\n        <div class=\"flex items-center\">\n          <div class=\"w-10 h-10 rounded-full mr-3 flex items-center justify-center overflow-hidden\">\n            \n                          <span class=\"w-full h-full bg-blue-100 text-blue-600 font-semibold flex items-center justify-center text-sm\">\n                AA              <\/span>\n                      <\/div>\n          <div>\n            <div class=\"text-sm font-medium text-gray-900\">Andi Aulia Putri<\/div>\n            <div class=\"text-sm text-gray-500\">ID: 2<\/div>\n          <\/div>\n        <\/div>\n      <\/td>\n      <td class=\"px-6 py-4 whitespace-nowrap text-sm text-gray-900\">2021020023<\/td>\n      <td class=\"px-6 py-4 whitespace-nowrap\">\n        <span class=\"px-2 py-1 text-xs font-semibold rounded-full bg-blue-100 text-blue-800\">\n          Teknik Informatika        <\/span>\n      <\/td>\n      <td class=\"px-6 py-4 whitespace-nowrap\">\n                <span class=\"px-2 py-1 text-xs font-semibold rounded-full bg-green-100 text-green-800\">\n          Aktif        <\/span>\n      <\/td>\n      <td class=\"px-6 py-4 whitespace-nowrap text-sm text-gray-500\">\n        Jan 01, 1970      <\/td>\n      <td class=\"px-6 py-4 whitespace-nowrap text-sm font-medium\">\n        <div class=\"flex gap-2\">\n          <button onclick=\"updateUserStatus(2, 'nonaktif')\"\n            class=\"text-blue-600 hover:text-blue-900\"\n            title=\"Deactivate\">\n            <i class=\"ri-user-forbid-line\"><\/i>\n          <\/button>\n          <button class=\"text-green-600 hover:text-green-900\" title=\"Edit\"\n            data-action=\"edit-user\"\n            data-user-id=\"2\"\n            data-namalengkap=\"Andi Aulia Putri\"\n            data-npm=\"2021020023\"\n            data-jurusan=\"teknik informatika\"\n            data-status=\"aktif\">\n            <i class=\"ri-edit-2-line\"><\/i>\n          <\/button>\n          <button onclick=\"deleteUser(2)\" class=\"text-red-600 hover:text-red-900\" title=\"Delete\">\n            <i class=\"ri-delete-bin-line\"><\/i>\n          <\/button>\n        <\/div>\n      <\/td>\n    <\/tr>\n      <tr class=\"hover:bg-gray-50\">\n\n      <td class=\"px-6 py-4 whitespace-nowrap\">\n        <div class=\"flex items-center\">\n          <div class=\"w-10 h-10 rounded-full mr-3 flex items-center justify-center overflow-hidden\">\n            \n                          <span class=\"w-full h-full bg-blue-100 text-blue-600 font-semibold flex items-center justify-center text-sm\">\n                AS              <\/span>\n                      <\/div>\n          <div>\n            <div class=\"text-sm font-medium text-gray-900\">Ahmad Sawal<\/div>\n            <div class=\"text-sm text-gray-500\">ID: 3<\/div>\n          <\/div>\n        <\/div>\n      <\/td>\n      <td class=\"px-6 py-4 whitespace-nowrap text-sm text-gray-900\">2021020110<\/td>\n      <td class=\"px-6 py-4 whitespace-nowrap\">\n        <span class=\"px-2 py-1 text-xs font-semibold rounded-full bg-blue-100 text-blue-800\">\n          Teknik Informatika        <\/span>\n      <\/td>\n      <td class=\"px-6 py-4 whitespace-nowrap\">\n                <span class=\"px-2 py-1 text-xs font-semibold rounded-full bg-green-100 text-green-800\">\n          Aktif        <\/span>\n      <\/td>\n      <td class=\"px-6 py-4 whitespace-nowrap text-sm text-gray-500\">\n        Jan 01, 1970      <\/td>\n      <td class=\"px-6 py-4 whitespace-nowrap text-sm font-medium\">\n        <div class=\"flex gap-2\">\n          <button onclick=\"updateUserStatus(3, 'nonaktif')\"\n            class=\"text-blue-600 hover:text-blue-900\"\n            title=\"Deactivate\">\n            <i class=\"ri-user-forbid-line\"><\/i>\n          <\/button>\n          <button class=\"text-green-600 hover:text-green-900\" title=\"Edit\"\n            data-action=\"edit-user\"\n            data-user-id=\"3\"\n            data-namalengkap=\"Ahmad Sawal\"\n            data-npm=\"2021020110\"\n            data-jurusan=\"teknik informatika\"\n            data-status=\"aktif\">\n            <i class=\"ri-edit-2-line\"><\/i>\n          <\/button>\n          <button onclick=\"deleteUser(3)\" class=\"text-red-600 hover:text-red-900\" title=\"Delete\">\n            <i class=\"ri-delete-bin-line\"><\/i>\n          <\/button>\n        <\/div>\n      <\/td>\n    <\/tr>\n  ","pagination":"","stats":{"total":5,"active":4,"pending":0,"nonaktif":1}}
DEBUG - 2025-10-06 07:51:22 --> Session: Class initialized using 'CodeIgniter\Session\Handlers\FileHandler' driver.
DEBUG - 2025-10-06 07:51:23 --> Session: Class initialized using 'CodeIgniter\Session\Handlers\FileHandler' driver.
DEBUG - 2025-10-06 07:51:29 --> Session: Class initialized using 'CodeIgniter\Session\Handlers\FileHandler' driver.
DEBUG - 2025-10-06 07:51:32 --> Session: Class initialized using 'CodeIgniter\Session\Handlers\FileHandler' driver.
DEBUG - 2025-10-06 07:52:32 --> Session: Class initialized using 'CodeIgniter\Session\Handlers\FileHandler' driver.
DEBUG - 2025-10-06 07:52:35 --> Session: Class initialized using 'CodeIgniter\Session\Handlers\FileHandler' driver.
DEBUG - 2025-10-06 07:52:36 --> Session: Class initialized using 'CodeIgniter\Session\Handlers\FileHandler' driver.
DEBUG - 2025-10-06 07:52:52 --> Session: Class initialized using 'CodeIgniter\Session\Handlers\FileHandler' driver.
DEBUG - 2025-10-06 07:53:00 --> Session: Class initialized using 'CodeIgniter\Session\Handlers\FileHandler' driver.
DEBUG - 2025-10-06 07:53:01 --> Session: Class initialized using 'CodeIgniter\Session\Handlers\FileHandler' driver.
DEBUG - 2025-10-06 07:53:01 --> Session: Class initialized using 'CodeIgniter\Session\Handlers\FileHandler' driver.
DEBUG - 2025-10-06 07:53:14 --> Session: Class initialized using 'CodeIgniter\Session\Handlers\FileHandler' driver.
DEBUG - 2025-10-06 07:53:27 --> Session: Class initialized using 'CodeIgniter\Session\Handlers\FileHandler' driver.
INFO - 2025-10-06 07:53:27 --> Mading Stats: {"mading_aktif":1,"mading_pending":0,"mading_nonaktif":4}
DEBUG - 2025-10-06 07:53:32 --> Session: Class initialized using 'CodeIgniter\Session\Handlers\FileHandler' driver.
INFO - 2025-10-06 07:53:32 --> Mading Stats: {"mading_aktif":1,"mading_pending":0,"mading_nonaktif":4}
DEBUG - 2025-10-06 07:53:34 --> Session: Class initialized using 'CodeIgniter\Session\Handlers\FileHandler' driver.
DEBUG - 2025-10-06 07:53:35 --> Session: Class initialized using 'CodeIgniter\Session\Handlers\FileHandler' driver.
DEBUG - 2025-10-06 07:53:35 --> Session: Class initialized using 'CodeIgniter\Session\Handlers\FileHandler' driver.
DEBUG - 2025-10-06 07:53:35 --> Session: Class initialized using 'CodeIgniter\Session\Handlers\FileHandler' driver.
DEBUG - 2025-10-06 07:53:38 --> Session: Class initialized using 'CodeIgniter\Session\Handlers\FileHandler' driver.
DEBUG - 2025-10-06 07:53:39 --> Session: Class initialized using 'CodeIgniter\Session\Handlers\FileHandler' driver.
DEBUG - 2025-10-06 07:53:50 --> Session: Class initialized using 'CodeIgniter\Session\Handlers\FileHandler' driver.
DEBUG - 2025-10-06 07:54:43 --> Session: Class initialized using 'CodeIgniter\Session\Handlers\FileHandler' driver.
DEBUG - 2025-10-06 07:54:51 --> Session: Class initialized using 'CodeIgniter\Session\Handlers\FileHandler' driver.
DEBUG - 2025-10-06 07:54:51 --> Session: Class initialized using 'CodeIgniter\Session\Handlers\FileHandler' driver.
INFO - 2025-10-06 07:55:16 --> CSRF token verified.
DEBUG - 2025-10-06 07:55:16 --> Session: Class initialized using 'CodeIgniter\Session\Handlers\FileHandler' driver.
DEBUG - 2025-10-06 07:55:16 --> Session: Class initialized using 'CodeIgniter\Session\Handlers\FileHandler' driver.
DEBUG - 2025-10-06 07:55:16 --> Session: Class initialized using 'CodeIgniter\Session\Handlers\FileHandler' driver.
DEBUG - 2025-10-06 07:55:23 --> Session: Class initialized using 'CodeIgniter\Session\Handlers\FileHandler' driver.
DEBUG - 2025-10-06 07:55:23 --> Session: Class initialized using 'CodeIgniter\Session\Handlers\FileHandler' driver.
DEBUG - 2025-10-06 07:55:29 --> Session: Class initialized using 'CodeIgniter\Session\Handlers\FileHandler' driver.
DEBUG - 2025-10-06 07:55:30 --> Session: Class initialized using 'CodeIgniter\Session\Handlers\FileHandler' driver.
DEBUG - 2025-10-06 07:55:30 --> Session: Class initialized using 'CodeIgniter\Session\Handlers\FileHandler' driver.
DEBUG - 2025-10-06 07:55:30 --> Session: Class initialized using 'CodeIgniter\Session\Handlers\FileHandler' driver.
DEBUG - 2025-10-06 07:55:33 --> Session: Class initialized using 'CodeIgniter\Session\Handlers\FileHandler' driver.
DEBUG - 2025-10-06 07:55:36 --> Session: Class initialized using 'CodeIgniter\Session\Handlers\FileHandler' driver.
INFO - 2025-10-06 07:56:27 --> CSRF token verified.
DEBUG - 2025-10-06 07:56:27 --> Session: Class initialized using 'CodeIgniter\Session\Handlers\FileHandler' driver.
DEBUG - 2025-10-06 07:56:27 --> Session: Class initialized using 'CodeIgniter\Session\Handlers\FileHandler' driver.
DEBUG - 2025-10-06 07:56:27 --> Session: Class initialized using 'CodeIgniter\Session\Handlers\FileHandler' driver.
DEBUG - 2025-10-06 07:56:31 --> Session: Class initialized using 'CodeIgniter\Session\Handlers\FileHandler' driver.
DEBUG - 2025-10-06 07:56:32 --> Session: Class initialized using 'CodeIgniter\Session\Handlers\FileHandler' driver.
DEBUG - 2025-10-06 07:56:32 --> Session: Class initialized using 'CodeIgniter\Session\Handlers\FileHandler' driver.
DEBUG - 2025-10-06 07:56:32 --> Session: Class initialized using 'CodeIgniter\Session\Handlers\FileHandler' driver.
DEBUG - 2025-10-06 07:57:25 --> Session: Class initialized using 'CodeIgniter\Session\Handlers\FileHandler' driver.
DEBUG - 2025-10-06 07:57:25 --> Session: Class initialized using 'CodeIgniter\Session\Handlers\FileHandler' driver.
DEBUG - 2025-10-06 07:57:27 --> Session: Class initialized using 'CodeIgniter\Session\Handlers\FileHandler' driver.
DEBUG - 2025-10-06 07:57:33 --> Session: Class initialized using 'CodeIgniter\Session\Handlers\FileHandler' driver.
DEBUG - 2025-10-06 07:57:52 --> Session: Class initialized using 'CodeIgniter\Session\Handlers\FileHandler' driver.
DEBUG - 2025-10-06 07:57:52 --> Session: Class initialized using 'CodeIgniter\Session\Handlers\FileHandler' driver.
DEBUG - 2025-10-06 07:58:03 --> Session: Class initialized using 'CodeIgniter\Session\Handlers\FileHandler' driver.
INFO - 2025-10-06 07:58:09 --> CSRF token verified.
DEBUG - 2025-10-06 07:58:09 --> Session: Class initialized using 'CodeIgniter\Session\Handlers\FileHandler' driver.
DEBUG - 2025-10-06 07:58:10 --> Session: Class initialized using 'CodeIgniter\Session\Handlers\FileHandler' driver.
DEBUG - 2025-10-06 07:58:10 --> Session: Class initialized using 'CodeIgniter\Session\Handlers\FileHandler' driver.
DEBUG - 2025-10-06 07:58:14 --> Session: Class initialized using 'CodeIgniter\Session\Handlers\FileHandler' driver.
DEBUG - 2025-10-06 07:58:14 --> Session: Class initialized using 'CodeIgniter\Session\Handlers\FileHandler' driver.
DEBUG - 2025-10-06 07:58:14 --> Session: Class initialized using 'CodeIgniter\Session\Handlers\FileHandler' driver.
DEBUG - 2025-10-06 07:58:18 --> Session: Class initialized using 'CodeIgniter\Session\Handlers\FileHandler' driver.
DEBUG - 2025-10-06 07:58:20 --> Session: Class initialized using 'CodeIgniter\Session\Handlers\FileHandler' driver.
DEBUG - 2025-10-06 07:58:20 --> Session: Class initialized using 'CodeIgniter\Session\Handlers\FileHandler' driver.
DEBUG - 2025-10-06 07:58:20 --> Session: Class initialized using 'CodeIgniter\Session\Handlers\FileHandler' driver.
DEBUG - 2025-10-06 07:58:24 --> Session: Class initialized using 'CodeIgniter\Session\Handlers\FileHandler' driver.
DEBUG - 2025-10-06 07:58:39 --> Session: Class initialized using 'CodeIgniter\Session\Handlers\FileHandler' driver.
DEBUG - 2025-10-06 07:58:44 --> Session: Class initialized using 'CodeIgniter\Session\Handlers\FileHandler' driver.
DEBUG - 2025-10-06 07:58:48 --> Session: Class initialized using 'CodeIgniter\Session\Handlers\FileHandler' driver.
DEBUG - 2025-10-06 07:58:48 --> Session: Class initialized using 'CodeIgniter\Session\Handlers\FileHandler' driver.
DEBUG - 2025-10-06 07:58:49 --> Session: Class initialized using 'CodeIgniter\Session\Handlers\FileHandler' driver.
DEBUG - 2025-10-06 07:58:54 --> Session: Class initialized using 'CodeIgniter\Session\Handlers\FileHandler' driver.
DEBUG - 2025-10-06 07:58:55 --> Session: Class initialized using 'CodeIgniter\Session\Handlers\FileHandler' driver.
DEBUG - 2025-10-06 07:58:57 --> Session: Class initialized using 'CodeIgniter\Session\Handlers\FileHandler' driver.
DEBUG - 2025-10-06 07:58:57 --> Session: Class initialized using 'CodeIgniter\Session\Handlers\FileHandler' driver.
DEBUG - 2025-10-06 07:59:01 --> Session: Class initialized using 'CodeIgniter\Session\Handlers\FileHandler' driver.
DEBUG - 2025-10-06 07:59:01 --> Session: Class initialized using 'CodeIgniter\Session\Handlers\FileHandler' driver.
DEBUG - 2025-10-06 07:59:01 --> Session: Class initialized using 'CodeIgniter\Session\Handlers\FileHandler' driver.
DEBUG - 2025-10-06 07:59:08 --> Session: Class initialized using 'CodeIgniter\Session\Handlers\FileHandler' driver.
DEBUG - 2025-10-06 07:59:08 --> Session: Class initialized using 'CodeIgniter\Session\Handlers\FileHandler' driver.
DEBUG - 2025-10-06 07:59:09 --> Session: Class initialized using 'CodeIgniter\Session\Handlers\FileHandler' driver.
DEBUG - 2025-10-06 08:00:40 --> Session: Class initialized using 'CodeIgniter\Session\Handlers\FileHandler' driver.
DEBUG - 2025-10-06 08:00:41 --> Session: Class initialized using 'CodeIgniter\Session\Handlers\FileHandler' driver.
DEBUG - 2025-10-06 08:00:42 --> Session: Class initialized using 'CodeIgniter\Session\Handlers\FileHandler' driver.
DEBUG - 2025-10-06 08:00:42 --> Session: Class initialized using 'CodeIgniter\Session\Handlers\FileHandler' driver.
DEBUG - 2025-10-06 08:00:44 --> Session: Class initialized using 'CodeIgniter\Session\Handlers\FileHandler' driver.
DEBUG - 2025-10-06 08:00:44 --> Session: Class initialized using 'CodeIgniter\Session\Handlers\FileHandler' driver.
DEBUG - 2025-10-06 08:00:45 --> Session: Class initialized using 'CodeIgniter\Session\Handlers\FileHandler' driver.
DEBUG - 2025-10-06 08:00:47 --> Session: Class initialized using 'CodeIgniter\Session\Handlers\FileHandler' driver.
DEBUG - 2025-10-06 08:00:48 --> Session: Class initialized using 'CodeIgniter\Session\Handlers\FileHandler' driver.
DEBUG - 2025-10-06 08:00:49 --> Session: Class initialized using 'CodeIgniter\Session\Handlers\FileHandler' driver.
DEBUG - 2025-10-06 08:00:49 --> Session: Class initialized using 'CodeIgniter\Session\Handlers\FileHandler' driver.
DEBUG - 2025-10-06 08:00:50 --> Session: Class initialized using 'CodeIgniter\Session\Handlers\FileHandler' driver.
DEBUG - 2025-10-06 08:00:54 --> Session: Class initialized using 'CodeIgniter\Session\Handlers\FileHandler' driver.
DEBUG - 2025-10-06 08:00:54 --> Session: Class initialized using 'CodeIgniter\Session\Handlers\FileHandler' driver.
DEBUG - 2025-10-06 08:00:54 --> Session: Class initialized using 'CodeIgniter\Session\Handlers\FileHandler' driver.
DEBUG - 2025-10-06 08:00:55 --> Session: Class initialized using 'CodeIgniter\Session\Handlers\FileHandler' driver.
DEBUG - 2025-10-06 08:00:56 --> Session: Class initialized using 'CodeIgniter\Session\Handlers\FileHandler' driver.
DEBUG - 2025-10-06 08:00:56 --> Session: Class initialized using 'CodeIgniter\Session\Handlers\FileHandler' driver.
DEBUG - 2025-10-06 08:00:58 --> Session: Class initialized using 'CodeIgniter\Session\Handlers\FileHandler' driver.
DEBUG - 2025-10-06 08:00:59 --> Session: Class initialized using 'CodeIgniter\Session\Handlers\FileHandler' driver.
DEBUG - 2025-10-06 08:00:59 --> Session: Class initialized using 'CodeIgniter\Session\Handlers\FileHandler' driver.
DEBUG - 2025-10-06 08:01:01 --> Session: Class initialized using 'CodeIgniter\Session\Handlers\FileHandler' driver.
DEBUG - 2025-10-06 08:01:01 --> Session: Class initialized using 'CodeIgniter\Session\Handlers\FileHandler' driver.
DEBUG - 2025-10-06 08:01:02 --> Session: Class initialized using 'CodeIgniter\Session\Handlers\FileHandler' driver.
DEBUG - 2025-10-06 08:01:02 --> Session: Class initialized using 'CodeIgniter\Session\Handlers\FileHandler' driver.
DEBUG - 2025-10-06 08:01:03 --> Session: Class initialized using 'CodeIgniter\Session\Handlers\FileHandler' driver.
INFO - 2025-10-06 08:01:10 --> CSRF token verified.
DEBUG - 2025-10-06 08:01:10 --> Session: Class initialized using 'CodeIgniter\Session\Handlers\FileHandler' driver.
DEBUG - 2025-10-06 08:01:10 --> Session: Class initialized using 'CodeIgniter\Session\Handlers\FileHandler' driver.
DEBUG - 2025-10-06 08:01:31 --> Session: Class initialized using 'CodeIgniter\Session\Handlers\FileHandler' driver.
DEBUG - 2025-10-06 08:01:31 --> Session: Class initialized using 'CodeIgniter\Session\Handlers\FileHandler' driver.
DEBUG - 2025-10-06 08:01:31 --> Session: Class initialized using 'CodeIgniter\Session\Handlers\FileHandler' driver.
DEBUG - 2025-10-06 08:01:34 --> Session: Class initialized using 'CodeIgniter\Session\Handlers\FileHandler' driver.
DEBUG - 2025-10-06 08:01:39 --> Session: Class initialized using 'CodeIgniter\Session\Handlers\FileHandler' driver.
DEBUG - 2025-10-06 08:01:39 --> Session: Class initialized using 'CodeIgniter\Session\Handlers\FileHandler' driver.
DEBUG - 2025-10-06 08:01:39 --> Session: Class initialized using 'CodeIgniter\Session\Handlers\FileHandler' driver.
DEBUG - 2025-10-06 08:01:41 --> Session: Class initialized using 'CodeIgniter\Session\Handlers\FileHandler' driver.
DEBUG - 2025-10-06 08:01:41 --> Session: Class initialized using 'CodeIgniter\Session\Handlers\FileHandler' driver.
