DEBUG - 2025-09-29 07:41:43 --> Session: Class initialized using 'CodeIgniter\Session\Handlers\FileHandler' driver.
DEBUG - 2025-09-29 07:41:44 --> Session: Class initialized using 'CodeIgniter\Session\Handlers\FileHandler' driver.
INFO - 2025-09-29 07:42:12 --> CSRF token verified.
DEBUG - 2025-09-29 07:42:12 --> Session: Class initialized using 'CodeIgniter\Session\Handlers\FileHandler' driver.
DEBUG - 2025-09-29 07:42:14 --> Session: Class initialized using 'CodeIgniter\Session\Handlers\FileHandler' driver.
DEBUG - 2025-09-29 07:42:16 --> Session: Class initialized using 'CodeIgniter\Session\Handlers\FileHandler' driver.
DEBUG - 2025-09-29 07:42:17 --> Session: Class initialized using 'CodeIgniter\Session\Handlers\FileHandler' driver.
DEBUG - 2025-09-29 07:42:19 --> Session: Class initialized using 'CodeIgniter\Session\Handlers\FileHandler' driver.
WARNING - 2025-09-29 07:42:20 --> [DEPRECATED] strtotime(): Passing null to parameter #1 ($datetime) of type string is deprecated in APPPATH\Views\admin\partials\users_tbody.php on line 70.
 1 APPPATH\Views\admin\partials\users_tbody.php(70): strtotime(null)
 2 SYSTEMPATH\View\View.php(226): include('C:\\laragon\\www\\minha-ai\\app\\Views\\admin\\partials\\users_tbody.php')
 3 SYSTEMPATH\View\View.php(229): CodeIgniter\View\View->CodeIgniter\View\{closure}()
 4 SYSTEMPATH\Common.php(1167): CodeIgniter\View\View->render('admin/partials/users_tbody', [], true)
 5 APPPATH\Controllers\Admin\MasterData.php(120): view('admin/partials/users_tbody', [...])
 6 SYSTEMPATH\CodeIgniter.php(933): App\Controllers\Admin\MasterData->users()
 7 SYSTEMPATH\CodeIgniter.php(507): CodeIgniter\CodeIgniter->runController(Object(App\Controllers\Admin\MasterData))
 8 SYSTEMPATH\CodeIgniter.php(354): CodeIgniter\CodeIgniter->handleRequest(null, Object(Config\Cache), false)
 9 SYSTEMPATH\Boot.php(363): CodeIgniter\CodeIgniter->run()
10 SYSTEMPATH\Boot.php(68): CodeIgniter\Boot::runCodeIgniter(Object(CodeIgniter\CodeIgniter))
11 FCPATH\index.php(59): CodeIgniter\Boot::bootWeb(Object(Config\Paths))
WARNING - 2025-09-29 07:42:20 --> [DEPRECATED] strtotime(): Passing null to parameter #1 ($datetime) of type string is deprecated in APPPATH\Views\admin\partials\users_tbody.php on line 70.
 1 APPPATH\Views\admin\partials\users_tbody.php(70): strtotime(null)
 2 SYSTEMPATH\View\View.php(226): include('C:\\laragon\\www\\minha-ai\\app\\Views\\admin\\partials\\users_tbody.php')
 3 SYSTEMPATH\View\View.php(229): CodeIgniter\View\View->CodeIgniter\View\{closure}()
 4 SYSTEMPATH\Common.php(1167): CodeIgniter\View\View->render('admin/partials/users_tbody', [], true)
 5 APPPATH\Controllers\Admin\MasterData.php(120): view('admin/partials/users_tbody', [...])
 6 SYSTEMPATH\CodeIgniter.php(933): App\Controllers\Admin\MasterData->users()
 7 SYSTEMPATH\CodeIgniter.php(507): CodeIgniter\CodeIgniter->runController(Object(App\Controllers\Admin\MasterData))
 8 SYSTEMPATH\CodeIgniter.php(354): CodeIgniter\CodeIgniter->handleRequest(null, Object(Config\Cache), false)
 9 SYSTEMPATH\Boot.php(363): CodeIgniter\CodeIgniter->run()
10 SYSTEMPATH\Boot.php(68): CodeIgniter\Boot::runCodeIgniter(Object(CodeIgniter\CodeIgniter))
11 FCPATH\index.php(59): CodeIgniter\Boot::bootWeb(Object(Config\Paths))
WARNING - 2025-09-29 07:42:20 --> [DEPRECATED] strtotime(): Passing null to parameter #1 ($datetime) of type string is deprecated in APPPATH\Views\admin\partials\users_tbody.php on line 70.
 1 APPPATH\Views\admin\partials\users_tbody.php(70): strtotime(null)
 2 SYSTEMPATH\View\View.php(226): include('C:\\laragon\\www\\minha-ai\\app\\Views\\admin\\partials\\users_tbody.php')
 3 SYSTEMPATH\View\View.php(229): CodeIgniter\View\View->CodeIgniter\View\{closure}()
 4 SYSTEMPATH\Common.php(1167): CodeIgniter\View\View->render('admin/partials/users_tbody', [], true)
 5 APPPATH\Controllers\Admin\MasterData.php(120): view('admin/partials/users_tbody', [...])
 6 SYSTEMPATH\CodeIgniter.php(933): App\Controllers\Admin\MasterData->users()
 7 SYSTEMPATH\CodeIgniter.php(507): CodeIgniter\CodeIgniter->runController(Object(App\Controllers\Admin\MasterData))
 8 SYSTEMPATH\CodeIgniter.php(354): CodeIgniter\CodeIgniter->handleRequest(null, Object(Config\Cache), false)
 9 SYSTEMPATH\Boot.php(363): CodeIgniter\CodeIgniter->run()
10 SYSTEMPATH\Boot.php(68): CodeIgniter\Boot::runCodeIgniter(Object(CodeIgniter\CodeIgniter))
11 FCPATH\index.php(59): CodeIgniter\Boot::bootWeb(Object(Config\Paths))
DEBUG - 2025-09-29 07:42:20 --> Session: Class initialized using 'CodeIgniter\Session\Handlers\FileHandler' driver.
WARNING - 2025-09-29 07:42:20 --> [DEPRECATED] strtotime(): Passing null to parameter #1 ($datetime) of type string is deprecated in APPPATH\Views\admin\master_data_users.php on line 181.
 1 APPPATH\Views\admin\master_data_users.php(181): strtotime(null)
 2 SYSTEMPATH\View\View.php(226): include('C:\\laragon\\www\\minha-ai\\app\\Views\\admin\\master_data_users.php')
 3 SYSTEMPATH\View\View.php(229): CodeIgniter\View\View->CodeIgniter\View\{closure}()
 4 SYSTEMPATH\Common.php(1167): CodeIgniter\View\View->render('admin/master_data_users', [], true)
 5 APPPATH\Controllers\Admin\MasterData.php(135): view('admin/master_data_users', [...])
 6 SYSTEMPATH\CodeIgniter.php(933): App\Controllers\Admin\MasterData->users()
 7 SYSTEMPATH\CodeIgniter.php(507): CodeIgniter\CodeIgniter->runController(Object(App\Controllers\Admin\MasterData))
 8 SYSTEMPATH\CodeIgniter.php(354): CodeIgniter\CodeIgniter->handleRequest(null, Object(Config\Cache), false)
 9 SYSTEMPATH\Boot.php(363): CodeIgniter\CodeIgniter->run()
10 SYSTEMPATH\Boot.php(68): CodeIgniter\Boot::runCodeIgniter(Object(CodeIgniter\CodeIgniter))
11 FCPATH\index.php(59): CodeIgniter\Boot::bootWeb(Object(Config\Paths))
WARNING - 2025-09-29 07:42:20 --> [DEPRECATED] strtotime(): Passing null to parameter #1 ($datetime) of type string is deprecated in APPPATH\Views\admin\master_data_users.php on line 181.
 1 APPPATH\Views\admin\master_data_users.php(181): strtotime(null)
 2 SYSTEMPATH\View\View.php(226): include('C:\\laragon\\www\\minha-ai\\app\\Views\\admin\\master_data_users.php')
 3 SYSTEMPATH\View\View.php(229): CodeIgniter\View\View->CodeIgniter\View\{closure}()
 4 SYSTEMPATH\Common.php(1167): CodeIgniter\View\View->render('admin/master_data_users', [], true)
 5 APPPATH\Controllers\Admin\MasterData.php(135): view('admin/master_data_users', [...])
 6 SYSTEMPATH\CodeIgniter.php(933): App\Controllers\Admin\MasterData->users()
 7 SYSTEMPATH\CodeIgniter.php(507): CodeIgniter\CodeIgniter->runController(Object(App\Controllers\Admin\MasterData))
 8 SYSTEMPATH\CodeIgniter.php(354): CodeIgniter\CodeIgniter->handleRequest(null, Object(Config\Cache), false)
 9 SYSTEMPATH\Boot.php(363): CodeIgniter\CodeIgniter->run()
10 SYSTEMPATH\Boot.php(68): CodeIgniter\Boot::runCodeIgniter(Object(CodeIgniter\CodeIgniter))
11 FCPATH\index.php(59): CodeIgniter\Boot::bootWeb(Object(Config\Paths))
WARNING - 2025-09-29 07:42:20 --> [DEPRECATED] strtotime(): Passing null to parameter #1 ($datetime) of type string is deprecated in APPPATH\Views\admin\master_data_users.php on line 181.
 1 APPPATH\Views\admin\master_data_users.php(181): strtotime(null)
 2 SYSTEMPATH\View\View.php(226): include('C:\\laragon\\www\\minha-ai\\app\\Views\\admin\\master_data_users.php')
 3 SYSTEMPATH\View\View.php(229): CodeIgniter\View\View->CodeIgniter\View\{closure}()
 4 SYSTEMPATH\Common.php(1167): CodeIgniter\View\View->render('admin/master_data_users', [], true)
 5 APPPATH\Controllers\Admin\MasterData.php(135): view('admin/master_data_users', [...])
 6 SYSTEMPATH\CodeIgniter.php(933): App\Controllers\Admin\MasterData->users()
 7 SYSTEMPATH\CodeIgniter.php(507): CodeIgniter\CodeIgniter->runController(Object(App\Controllers\Admin\MasterData))
 8 SYSTEMPATH\CodeIgniter.php(354): CodeIgniter\CodeIgniter->handleRequest(null, Object(Config\Cache), false)
 9 SYSTEMPATH\Boot.php(363): CodeIgniter\CodeIgniter->run()
10 SYSTEMPATH\Boot.php(68): CodeIgniter\Boot::runCodeIgniter(Object(CodeIgniter\CodeIgniter))
11 FCPATH\index.php(59): CodeIgniter\Boot::bootWeb(Object(Config\Paths))
DEBUG - 2025-09-29 07:42:21 --> Session: Class initialized using 'CodeIgniter\Session\Handlers\FileHandler' driver.
WARNING - 2025-09-29 07:42:21 --> [DEPRECATED] strtotime(): Passing null to parameter #1 ($datetime) of type string is deprecated in APPPATH\Views\admin\partials\users_tbody.php on line 70.
 1 APPPATH\Views\admin\partials\users_tbody.php(70): strtotime(null)
 2 SYSTEMPATH\View\View.php(226): include('C:\\laragon\\www\\minha-ai\\app\\Views\\admin\\partials\\users_tbody.php')
 3 SYSTEMPATH\View\View.php(229): CodeIgniter\View\View->CodeIgniter\View\{closure}()
 4 SYSTEMPATH\Common.php(1167): CodeIgniter\View\View->render('admin/partials/users_tbody', [], true)
 5 APPPATH\Controllers\Admin\MasterData.php(120): view('admin/partials/users_tbody', [...])
 6 SYSTEMPATH\CodeIgniter.php(933): App\Controllers\Admin\MasterData->users()
 7 SYSTEMPATH\CodeIgniter.php(507): CodeIgniter\CodeIgniter->runController(Object(App\Controllers\Admin\MasterData))
 8 SYSTEMPATH\CodeIgniter.php(354): CodeIgniter\CodeIgniter->handleRequest(null, Object(Config\Cache), false)
 9 SYSTEMPATH\Boot.php(363): CodeIgniter\CodeIgniter->run()
10 SYSTEMPATH\Boot.php(68): CodeIgniter\Boot::runCodeIgniter(Object(CodeIgniter\CodeIgniter))
11 FCPATH\index.php(59): CodeIgniter\Boot::bootWeb(Object(Config\Paths))
WARNING - 2025-09-29 07:42:21 --> [DEPRECATED] strtotime(): Passing null to parameter #1 ($datetime) of type string is deprecated in APPPATH\Views\admin\partials\users_tbody.php on line 70.
 1 APPPATH\Views\admin\partials\users_tbody.php(70): strtotime(null)
 2 SYSTEMPATH\View\View.php(226): include('C:\\laragon\\www\\minha-ai\\app\\Views\\admin\\partials\\users_tbody.php')
 3 SYSTEMPATH\View\View.php(229): CodeIgniter\View\View->CodeIgniter\View\{closure}()
 4 SYSTEMPATH\Common.php(1167): CodeIgniter\View\View->render('admin/partials/users_tbody', [], true)
 5 APPPATH\Controllers\Admin\MasterData.php(120): view('admin/partials/users_tbody', [...])
 6 SYSTEMPATH\CodeIgniter.php(933): App\Controllers\Admin\MasterData->users()
 7 SYSTEMPATH\CodeIgniter.php(507): CodeIgniter\CodeIgniter->runController(Object(App\Controllers\Admin\MasterData))
 8 SYSTEMPATH\CodeIgniter.php(354): CodeIgniter\CodeIgniter->handleRequest(null, Object(Config\Cache), false)
 9 SYSTEMPATH\Boot.php(363): CodeIgniter\CodeIgniter->run()
10 SYSTEMPATH\Boot.php(68): CodeIgniter\Boot::runCodeIgniter(Object(CodeIgniter\CodeIgniter))
11 FCPATH\index.php(59): CodeIgniter\Boot::bootWeb(Object(Config\Paths))
WARNING - 2025-09-29 07:42:21 --> [DEPRECATED] strtotime(): Passing null to parameter #1 ($datetime) of type string is deprecated in APPPATH\Views\admin\partials\users_tbody.php on line 70.
 1 APPPATH\Views\admin\partials\users_tbody.php(70): strtotime(null)
 2 SYSTEMPATH\View\View.php(226): include('C:\\laragon\\www\\minha-ai\\app\\Views\\admin\\partials\\users_tbody.php')
 3 SYSTEMPATH\View\View.php(229): CodeIgniter\View\View->CodeIgniter\View\{closure}()
 4 SYSTEMPATH\Common.php(1167): CodeIgniter\View\View->render('admin/partials/users_tbody', [], true)
 5 APPPATH\Controllers\Admin\MasterData.php(120): view('admin/partials/users_tbody', [...])
 6 SYSTEMPATH\CodeIgniter.php(933): App\Controllers\Admin\MasterData->users()
 7 SYSTEMPATH\CodeIgniter.php(507): CodeIgniter\CodeIgniter->runController(Object(App\Controllers\Admin\MasterData))
 8 SYSTEMPATH\CodeIgniter.php(354): CodeIgniter\CodeIgniter->handleRequest(null, Object(Config\Cache), false)
 9 SYSTEMPATH\Boot.php(363): CodeIgniter\CodeIgniter->run()
10 SYSTEMPATH\Boot.php(68): CodeIgniter\Boot::runCodeIgniter(Object(CodeIgniter\CodeIgniter))
11 FCPATH\index.php(59): CodeIgniter\Boot::bootWeb(Object(Config\Paths))
DEBUG - 2025-09-29 14:22:47 --> Session: Class initialized using 'CodeIgniter\Session\Handlers\FileHandler' driver.
DEBUG - 2025-09-29 14:22:47 --> Session: Class initialized using 'CodeIgniter\Session\Handlers\FileHandler' driver.
DEBUG - 2025-09-29 14:23:47 --> Session: Class initialized using 'CodeIgniter\Session\Handlers\FileHandler' driver.
INFO - 2025-09-29 14:24:04 --> CSRF token verified.
DEBUG - 2025-09-29 14:24:04 --> Session: Class initialized using 'CodeIgniter\Session\Handlers\FileHandler' driver.
DEBUG - 2025-09-29 14:24:06 --> Session: Class initialized using 'CodeIgniter\Session\Handlers\FileHandler' driver.
DEBUG - 2025-09-29 14:24:24 --> Session: Class initialized using 'CodeIgniter\Session\Handlers\FileHandler' driver.
DEBUG - 2025-09-29 14:24:26 --> Session: Class initialized using 'CodeIgniter\Session\Handlers\FileHandler' driver.
WARNING - 2025-09-29 14:24:26 --> [DEPRECATED] strtotime(): Passing null to parameter #1 ($datetime) of type string is deprecated in APPPATH\Views\admin\partials\users_tbody.php on line 70.
 1 APPPATH\Views\admin\partials\users_tbody.php(70): strtotime(null)
 2 SYSTEMPATH\View\View.php(226): include('C:\\laragon\\www\\minha-ai\\app\\Views\\admin\\partials\\users_tbody.php')
 3 SYSTEMPATH\View\View.php(229): CodeIgniter\View\View->CodeIgniter\View\{closure}()
 4 SYSTEMPATH\Common.php(1167): CodeIgniter\View\View->render('admin/partials/users_tbody', [], true)
 5 APPPATH\Controllers\Admin\MasterData.php(129): view('admin/partials/users_tbody', [...])
 6 SYSTEMPATH\CodeIgniter.php(933): App\Controllers\Admin\MasterData->users()
 7 SYSTEMPATH\CodeIgniter.php(507): CodeIgniter\CodeIgniter->runController(Object(App\Controllers\Admin\MasterData))
 8 SYSTEMPATH\CodeIgniter.php(354): CodeIgniter\CodeIgniter->handleRequest(null, Object(Config\Cache), false)
 9 SYSTEMPATH\Boot.php(363): CodeIgniter\CodeIgniter->run()
10 SYSTEMPATH\Boot.php(68): CodeIgniter\Boot::runCodeIgniter(Object(CodeIgniter\CodeIgniter))
11 FCPATH\index.php(59): CodeIgniter\Boot::bootWeb(Object(Config\Paths))
WARNING - 2025-09-29 14:24:26 --> [DEPRECATED] strtotime(): Passing null to parameter #1 ($datetime) of type string is deprecated in APPPATH\Views\admin\partials\users_tbody.php on line 70.
 1 APPPATH\Views\admin\partials\users_tbody.php(70): strtotime(null)
 2 SYSTEMPATH\View\View.php(226): include('C:\\laragon\\www\\minha-ai\\app\\Views\\admin\\partials\\users_tbody.php')
 3 SYSTEMPATH\View\View.php(229): CodeIgniter\View\View->CodeIgniter\View\{closure}()
 4 SYSTEMPATH\Common.php(1167): CodeIgniter\View\View->render('admin/partials/users_tbody', [], true)
 5 APPPATH\Controllers\Admin\MasterData.php(129): view('admin/partials/users_tbody', [...])
 6 SYSTEMPATH\CodeIgniter.php(933): App\Controllers\Admin\MasterData->users()
 7 SYSTEMPATH\CodeIgniter.php(507): CodeIgniter\CodeIgniter->runController(Object(App\Controllers\Admin\MasterData))
 8 SYSTEMPATH\CodeIgniter.php(354): CodeIgniter\CodeIgniter->handleRequest(null, Object(Config\Cache), false)
 9 SYSTEMPATH\Boot.php(363): CodeIgniter\CodeIgniter->run()
10 SYSTEMPATH\Boot.php(68): CodeIgniter\Boot::runCodeIgniter(Object(CodeIgniter\CodeIgniter))
11 FCPATH\index.php(59): CodeIgniter\Boot::bootWeb(Object(Config\Paths))
WARNING - 2025-09-29 14:24:26 --> [DEPRECATED] strtotime(): Passing null to parameter #1 ($datetime) of type string is deprecated in APPPATH\Views\admin\partials\users_tbody.php on line 70.
 1 APPPATH\Views\admin\partials\users_tbody.php(70): strtotime(null)
 2 SYSTEMPATH\View\View.php(226): include('C:\\laragon\\www\\minha-ai\\app\\Views\\admin\\partials\\users_tbody.php')
 3 SYSTEMPATH\View\View.php(229): CodeIgniter\View\View->CodeIgniter\View\{closure}()
 4 SYSTEMPATH\Common.php(1167): CodeIgniter\View\View->render('admin/partials/users_tbody', [], true)
 5 APPPATH\Controllers\Admin\MasterData.php(129): view('admin/partials/users_tbody', [...])
 6 SYSTEMPATH\CodeIgniter.php(933): App\Controllers\Admin\MasterData->users()
 7 SYSTEMPATH\CodeIgniter.php(507): CodeIgniter\CodeIgniter->runController(Object(App\Controllers\Admin\MasterData))
 8 SYSTEMPATH\CodeIgniter.php(354): CodeIgniter\CodeIgniter->handleRequest(null, Object(Config\Cache), false)
 9 SYSTEMPATH\Boot.php(363): CodeIgniter\CodeIgniter->run()
10 SYSTEMPATH\Boot.php(68): CodeIgniter\Boot::runCodeIgniter(Object(CodeIgniter\CodeIgniter))
11 FCPATH\index.php(59): CodeIgniter\Boot::bootWeb(Object(Config\Paths))
DEBUG - 2025-09-29 14:24:37 --> Session: Class initialized using 'CodeIgniter\Session\Handlers\FileHandler' driver.
CRITICAL - 2025-09-29 14:24:37 --> CodeIgniter\View\Exceptions\ViewException: Invalid file: "admin/dashboard_content.php"
[Method: GET, Route: Admin/Dashboard]
in SYSTEMPATH\Exceptions\FrameworkException.php on line 39.
 1 SYSTEMPATH\View\View.php(214): CodeIgniter\Exceptions\FrameworkException::forInvalidFile('admin/dashboard_content.php')
 2 SYSTEMPATH\Common.php(1167): CodeIgniter\View\View->render('admin/dashboard_content', [], true)
 3 APPPATH\Controllers\Admin\Dashboard.php(23): view('admin/dashboard_content', [...])
 4 SYSTEMPATH\CodeIgniter.php(933): App\Controllers\Admin\Dashboard->index()
 5 SYSTEMPATH\CodeIgniter.php(507): CodeIgniter\CodeIgniter->runController(Object(App\Controllers\Admin\Dashboard))
 6 SYSTEMPATH\CodeIgniter.php(354): CodeIgniter\CodeIgniter->handleRequest(null, Object(Config\Cache), false)
 7 SYSTEMPATH\Boot.php(363): CodeIgniter\CodeIgniter->run()
 8 SYSTEMPATH\Boot.php(68): CodeIgniter\Boot::runCodeIgniter(Object(CodeIgniter\CodeIgniter))
 9 FCPATH\index.php(59): CodeIgniter\Boot::bootWeb(Object(Config\Paths))
DEBUG - 2025-09-29 14:24:39 --> Session: Class initialized using 'CodeIgniter\Session\Handlers\FileHandler' driver.
DEBUG - 2025-09-29 14:24:48 --> Session: Class initialized using 'CodeIgniter\Session\Handlers\FileHandler' driver.
WARNING - 2025-09-29 14:24:48 --> [DEPRECATED] strtotime(): Passing null to parameter #1 ($datetime) of type string is deprecated in APPPATH\Views\admin\partials\users_tbody.php on line 70.
 1 APPPATH\Views\admin\partials\users_tbody.php(70): strtotime(null)
 2 SYSTEMPATH\View\View.php(226): include('C:\\laragon\\www\\minha-ai\\app\\Views\\admin\\partials\\users_tbody.php')
 3 SYSTEMPATH\View\View.php(229): CodeIgniter\View\View->CodeIgniter\View\{closure}()
 4 SYSTEMPATH\Common.php(1167): CodeIgniter\View\View->render('admin/partials/users_tbody', [], true)
 5 APPPATH\Controllers\Admin\MasterData.php(129): view('admin/partials/users_tbody', [...])
 6 SYSTEMPATH\CodeIgniter.php(933): App\Controllers\Admin\MasterData->users()
 7 SYSTEMPATH\CodeIgniter.php(507): CodeIgniter\CodeIgniter->runController(Object(App\Controllers\Admin\MasterData))
 8 SYSTEMPATH\CodeIgniter.php(354): CodeIgniter\CodeIgniter->handleRequest(null, Object(Config\Cache), false)
 9 SYSTEMPATH\Boot.php(363): CodeIgniter\CodeIgniter->run()
10 SYSTEMPATH\Boot.php(68): CodeIgniter\Boot::runCodeIgniter(Object(CodeIgniter\CodeIgniter))
11 FCPATH\index.php(59): CodeIgniter\Boot::bootWeb(Object(Config\Paths))
WARNING - 2025-09-29 14:24:48 --> [DEPRECATED] strtotime(): Passing null to parameter #1 ($datetime) of type string is deprecated in APPPATH\Views\admin\partials\users_tbody.php on line 70.
 1 APPPATH\Views\admin\partials\users_tbody.php(70): strtotime(null)
 2 SYSTEMPATH\View\View.php(226): include('C:\\laragon\\www\\minha-ai\\app\\Views\\admin\\partials\\users_tbody.php')
 3 SYSTEMPATH\View\View.php(229): CodeIgniter\View\View->CodeIgniter\View\{closure}()
 4 SYSTEMPATH\Common.php(1167): CodeIgniter\View\View->render('admin/partials/users_tbody', [], true)
 5 APPPATH\Controllers\Admin\MasterData.php(129): view('admin/partials/users_tbody', [...])
 6 SYSTEMPATH\CodeIgniter.php(933): App\Controllers\Admin\MasterData->users()
 7 SYSTEMPATH\CodeIgniter.php(507): CodeIgniter\CodeIgniter->runController(Object(App\Controllers\Admin\MasterData))
 8 SYSTEMPATH\CodeIgniter.php(354): CodeIgniter\CodeIgniter->handleRequest(null, Object(Config\Cache), false)
 9 SYSTEMPATH\Boot.php(363): CodeIgniter\CodeIgniter->run()
10 SYSTEMPATH\Boot.php(68): CodeIgniter\Boot::runCodeIgniter(Object(CodeIgniter\CodeIgniter))
11 FCPATH\index.php(59): CodeIgniter\Boot::bootWeb(Object(Config\Paths))
WARNING - 2025-09-29 14:24:48 --> [DEPRECATED] strtotime(): Passing null to parameter #1 ($datetime) of type string is deprecated in APPPATH\Views\admin\partials\users_tbody.php on line 70.
 1 APPPATH\Views\admin\partials\users_tbody.php(70): strtotime(null)
 2 SYSTEMPATH\View\View.php(226): include('C:\\laragon\\www\\minha-ai\\app\\Views\\admin\\partials\\users_tbody.php')
 3 SYSTEMPATH\View\View.php(229): CodeIgniter\View\View->CodeIgniter\View\{closure}()
 4 SYSTEMPATH\Common.php(1167): CodeIgniter\View\View->render('admin/partials/users_tbody', [], true)
 5 APPPATH\Controllers\Admin\MasterData.php(129): view('admin/partials/users_tbody', [...])
 6 SYSTEMPATH\CodeIgniter.php(933): App\Controllers\Admin\MasterData->users()
 7 SYSTEMPATH\CodeIgniter.php(507): CodeIgniter\CodeIgniter->runController(Object(App\Controllers\Admin\MasterData))
 8 SYSTEMPATH\CodeIgniter.php(354): CodeIgniter\CodeIgniter->handleRequest(null, Object(Config\Cache), false)
 9 SYSTEMPATH\Boot.php(363): CodeIgniter\CodeIgniter->run()
10 SYSTEMPATH\Boot.php(68): CodeIgniter\Boot::runCodeIgniter(Object(CodeIgniter\CodeIgniter))
11 FCPATH\index.php(59): CodeIgniter\Boot::bootWeb(Object(Config\Paths))
